2017-06-20 20:59:03,023 [Dummy-1:7200] [django.db.backends:89] [utils:execute] [DEBUG]- (0.001) 
            SELECT name, type FROM sqlite_master
            WHERE type in ('table', 'view') AND NOT name='sqlite_sequence'
            ORDER BY name; args=None
2017-06-20 20:59:03,029 [Dummy-1:7200] [django.db.backends:89] [utils:execute] [DEBUG]- (0.000) SELECT "django_migrations"."app", "django_migrations"."name" FROM "django_migrations"; args=()
2017-06-20 21:02:16,151 [Dummy-1:5348] [django.db.backends:89] [utils:execute] [DEBUG]- (0.000) 
            SELECT name, type FROM sqlite_master
            WHERE type in ('table', 'view') AND NOT name='sqlite_sequence'
            ORDER BY name; args=None
2017-06-20 21:02:16,157 [Dummy-1:5348] [django.db.backends:89] [utils:execute] [DEBUG]- (0.001) SELECT "django_migrations"."app", "django_migrations"."name" FROM "django_migrations"; args=()
2017-06-20 21:03:46,493 [Dummy-1:7816] [django.db.backends:89] [utils:execute] [DEBUG]- (0.000) 
            SELECT name, type FROM sqlite_master
            WHERE type in ('table', 'view') AND NOT name='sqlite_sequence'
            ORDER BY name; args=None
2017-06-20 21:03:46,497 [Dummy-1:7816] [django.db.backends:89] [utils:execute] [DEBUG]- (0.001) SELECT "django_migrations"."app", "django_migrations"."name" FROM "django_migrations"; args=()
2017-06-20 21:06:45,188 [Dummy-1:1960] [django.db.backends:89] [utils:execute] [DEBUG]- (0.001) 
            SELECT name, type FROM sqlite_master
            WHERE type in ('table', 'view') AND NOT name='sqlite_sequence'
            ORDER BY name; args=None
2017-06-20 21:06:45,194 [Dummy-1:1960] [django.db.backends:89] [utils:execute] [DEBUG]- (0.000) SELECT "django_migrations"."app", "django_migrations"."name" FROM "django_migrations"; args=()
2017-06-20 21:06:45,812 [Dummy-1:4252] [django.db.backends:89] [utils:execute] [DEBUG]- (0.001) 
            SELECT name, type FROM sqlite_master
            WHERE type in ('table', 'view') AND NOT name='sqlite_sequence'
            ORDER BY name; args=None
2017-06-20 21:06:45,819 [Dummy-1:4252] [django.db.backends:89] [utils:execute] [DEBUG]- (0.001) SELECT "django_migrations"."app", "django_migrations"."name" FROM "django_migrations"; args=()
2017-06-20 21:09:51,694 [Dummy-1:4920] [django.db.backends:89] [utils:execute] [DEBUG]- (0.001) 
            SELECT name, type FROM sqlite_master
            WHERE type in ('table', 'view') AND NOT name='sqlite_sequence'
            ORDER BY name; args=None
2017-06-20 21:09:51,700 [Dummy-1:4920] [django.db.backends:89] [utils:execute] [DEBUG]- (0.001) SELECT "django_migrations"."app", "django_migrations"."name" FROM "django_migrations"; args=()
2017-06-20 21:10:38,831 [Dummy-1:8116] [django.db.backends:89] [utils:execute] [DEBUG]- (0.001) 
            SELECT name, type FROM sqlite_master
            WHERE type in ('table', 'view') AND NOT name='sqlite_sequence'
            ORDER BY name; args=None
2017-06-20 21:10:38,835 [Dummy-1:8116] [django.db.backends:89] [utils:execute] [DEBUG]- (0.001) SELECT "django_migrations"."app", "django_migrations"."name" FROM "django_migrations"; args=()
2017-06-20 21:11:16,644 [Dummy-1:5340] [django.db.backends:89] [utils:execute] [DEBUG]- (0.001) 
            SELECT name, type FROM sqlite_master
            WHERE type in ('table', 'view') AND NOT name='sqlite_sequence'
            ORDER BY name; args=None
2017-06-20 21:11:16,650 [Dummy-1:5340] [django.db.backends:89] [utils:execute] [DEBUG]- (0.000) SELECT "django_migrations"."app", "django_migrations"."name" FROM "django_migrations"; args=()
2017-06-20 21:13:12,111 [Dummy-1:1924] [django.db.backends:89] [utils:execute] [DEBUG]- (0.000) 
            SELECT name, type FROM sqlite_master
            WHERE type in ('table', 'view') AND NOT name='sqlite_sequence'
            ORDER BY name; args=None
2017-06-20 21:13:12,119 [Dummy-1:1924] [django.db.backends:89] [utils:execute] [DEBUG]- (0.000) SELECT "django_migrations"."app", "django_migrations"."name" FROM "django_migrations"; args=()
2017-06-22 19:56:25,529 [Dummy-1:1700] [django.db.backends:89] [utils:execute] [DEBUG]- (0.003) 
            SELECT name, type FROM sqlite_master
            WHERE type in ('table', 'view') AND NOT name='sqlite_sequence'
            ORDER BY name; args=None
2017-06-22 19:56:25,571 [Dummy-1:1700] [django.db.backends:89] [utils:execute] [DEBUG]- (0.000) SELECT "django_migrations"."app", "django_migrations"."name" FROM "django_migrations"; args=()
2017-06-23 21:18:56,453 [Dummy-1:8900] [django.db.backends:89] [utils:execute] [DEBUG]- (0.001) SET SQL_AUTO_IS_NULL = 0; args=None
2017-06-23 21:19:40,693 [Dummy-1:2344] [django.db.backends:89] [utils:execute] [DEBUG]- (0.001) SET SQL_AUTO_IS_NULL = 0; args=None
2017-06-23 21:19:40,766 [Dummy-1:2344] [django.db.backends:89] [utils:execute] [DEBUG]- (0.001) SET SQL_AUTO_IS_NULL = 0; args=None
2017-06-23 21:19:40,769 [Dummy-1:2344] [django.db.backends:89] [utils:execute] [DEBUG]- (0.002) SHOW FULL TABLES; args=None
2017-06-23 21:19:40,770 [Dummy-1:2344] [django.db.backends.schema:101] [schema:execute] [DEBUG]- CREATE TABLE `django_migrations` (`id` integer AUTO_INCREMENT NOT NULL PRIMARY KEY, `app` varchar(255) NOT NULL, `name` varchar(255) NOT NULL, `applied` datetime(6) NOT NULL); (params None)
2017-06-23 21:19:40,855 [Dummy-1:2344] [django.db.backends:89] [utils:execute] [DEBUG]- (0.084) CREATE TABLE `django_migrations` (`id` integer AUTO_INCREMENT NOT NULL PRIMARY KEY, `app` varchar(255) NOT NULL, `name` varchar(255) NOT NULL, `applied` datetime(6) NOT NULL); args=None
2017-06-23 21:19:40,875 [Dummy-1:2344] [django.db.backends:89] [utils:execute] [DEBUG]- (0.020) SELECT engine FROM information_schema.tables WHERE table_name = 'django_migrations'; args=[u'django_migrations']
2017-06-23 21:19:40,888 [Dummy-1:2344] [django.db.backends:89] [utils:execute] [DEBUG]- (0.006) SELECT `django_migrations`.`app`, `django_migrations`.`name` FROM `django_migrations`; args=()
2017-06-23 21:24:52,039 [Dummy-1:5688] [django.db.backends:89] [utils:execute] [DEBUG]- (0.001) SET SQL_AUTO_IS_NULL = 0; args=None
2017-06-23 21:28:53,323 [Dummy-1:6184] [django.db.backends:89] [utils:execute] [DEBUG]- (0.001) SET SQL_AUTO_IS_NULL = 0; args=None
2017-06-23 21:28:53,604 [Dummy-1:6184] [django.db.backends:89] [utils:execute] [DEBUG]- (0.001) SET SQL_AUTO_IS_NULL = 0; args=None
2017-06-23 21:28:53,611 [Dummy-1:6184] [django.db.backends:89] [utils:execute] [DEBUG]- (0.006) SHOW FULL TABLES; args=None
2017-06-23 21:28:53,644 [Dummy-1:6184] [django.db.backends:89] [utils:execute] [DEBUG]- (0.009) SELECT `django_migrations`.`app`, `django_migrations`.`name` FROM `django_migrations`; args=()
2017-06-23 21:30:33,137 [MainThread:4128] [django.db.backends:89] [utils:execute] [DEBUG]- (0.001) SET SQL_AUTO_IS_NULL = 0; args=None
2017-06-24 14:44:53,493 [Dummy-1:4204] [django.db.backends:89] [utils:execute] [DEBUG]- (0.000) SET SQL_AUTO_IS_NULL = 0; args=None
2017-06-24 14:44:54,174 [Dummy-1:4204] [django.db.backends:89] [utils:execute] [DEBUG]- (0.000) SET SQL_AUTO_IS_NULL = 0; args=None
2017-06-24 14:44:54,198 [Dummy-1:4204] [django.db.backends:89] [utils:execute] [DEBUG]- (0.023) SHOW FULL TABLES; args=None
2017-06-24 14:44:54,255 [Dummy-1:4204] [django.db.backends:89] [utils:execute] [DEBUG]- (0.003) SELECT `django_migrations`.`app`, `django_migrations`.`name` FROM `django_migrations`; args=()
2017-06-24 19:33:21,744 [Dummy-1:4400] [django.db.backends:89] [utils:execute] [DEBUG]- (0.002) SET SQL_AUTO_IS_NULL = 0; args=None
2017-06-24 19:33:23,167 [Dummy-1:4400] [django.db.backends:89] [utils:execute] [DEBUG]- (0.000) SET SQL_AUTO_IS_NULL = 0; args=None
2017-06-24 19:33:23,210 [Dummy-1:4400] [django.db.backends:89] [utils:execute] [DEBUG]- (0.040) SHOW FULL TABLES; args=None
2017-06-24 19:33:23,349 [Dummy-1:4400] [django.db.backends:89] [utils:execute] [DEBUG]- (0.030) SELECT `django_migrations`.`app`, `django_migrations`.`name` FROM `django_migrations`; args=()
2017-06-24 21:10:06,043 [MainThread:7068] [django.db.backends:89] [utils:execute] [DEBUG]- (0.000) SET SQL_AUTO_IS_NULL = 0; args=None
2017-06-24 21:23:50,367 [MainThread:4320] [django.db.backends:89] [utils:execute] [DEBUG]- (0.001) SET SQL_AUTO_IS_NULL = 0; args=None
2017-06-24 21:23:50,664 [MainThread:4320] [django.db.backends:89] [utils:execute] [DEBUG]- (0.000) SET SQL_AUTO_IS_NULL = 0; args=None
2017-06-24 21:23:50,667 [MainThread:4320] [django.db.backends:89] [utils:execute] [DEBUG]- (0.001) SHOW FULL TABLES; args=None
2017-06-24 21:23:50,736 [MainThread:4320] [django.db.backends:89] [utils:execute] [DEBUG]- (0.022) SELECT `django_migrations`.`app`, `django_migrations`.`name` FROM `django_migrations`; args=()
2017-06-24 21:23:50,740 [MainThread:4320] [django.db.backends.schema:101] [schema:execute] [DEBUG]- CREATE TABLE `django_content_type` (`id` integer AUTO_INCREMENT NOT NULL PRIMARY KEY, `name` varchar(100) NOT NULL, `app_label` varchar(100) NOT NULL, `model` varchar(100) NOT NULL); (params None)
2017-06-24 21:23:50,846 [MainThread:4320] [django.db.backends:89] [utils:execute] [DEBUG]- (0.105) CREATE TABLE `django_content_type` (`id` integer AUTO_INCREMENT NOT NULL PRIMARY KEY, `name` varchar(100) NOT NULL, `app_label` varchar(100) NOT NULL, `model` varchar(100) NOT NULL); args=None
2017-06-24 21:23:50,858 [MainThread:4320] [django.db.backends:89] [utils:execute] [DEBUG]- (0.011) SELECT engine FROM information_schema.tables WHERE table_name = 'django_content_type'; args=[u'django_content_type']
2017-06-24 21:23:50,862 [MainThread:4320] [django.db.backends.schema:101] [schema:execute] [DEBUG]- ALTER TABLE `django_content_type` ADD CONSTRAINT `django_content_type_app_label_76bd3d3b_uniq` UNIQUE (`app_label`, `model`); (params [])
2017-06-24 21:23:50,905 [MainThread:4320] [django.db.backends:89] [utils:execute] [DEBUG]- (0.043) ALTER TABLE `django_content_type` ADD CONSTRAINT `django_content_type_app_label_76bd3d3b_uniq` UNIQUE (`app_label`, `model`); args=[]
2017-06-24 21:23:50,907 [MainThread:4320] [django.db.backends:89] [utils:execute] [DEBUG]- (0.002) SHOW FULL TABLES; args=None
2017-06-24 21:23:50,915 [MainThread:4320] [django.db.backends:89] [utils:execute] [DEBUG]- (0.007) INSERT INTO `django_migrations` (`app`, `name`, `applied`) VALUES ('contenttypes', '0001_initial', '2017-06-24 13:23:50.908000'); args=['contenttypes', u'0001_initial', u'2017-06-24 13:23:50.908000']
2017-06-24 21:23:50,927 [MainThread:4320] [django.db.backends.schema:101] [schema:execute] [DEBUG]- ALTER TABLE `django_content_type` MODIFY `name` varchar(100) NULL; (params [])
2017-06-24 21:23:51,147 [MainThread:4320] [django.db.backends:89] [utils:execute] [DEBUG]- (0.218) ALTER TABLE `django_content_type` MODIFY `name` varchar(100) NULL; args=[]
2017-06-24 21:23:51,154 [MainThread:4320] [django.db.backends.schema:101] [schema:execute] [DEBUG]- ALTER TABLE `django_content_type` DROP COLUMN `name` CASCADE; (params [])
2017-06-24 21:23:51,237 [MainThread:4320] [django.db.backends:89] [utils:execute] [DEBUG]- (0.083) ALTER TABLE `django_content_type` DROP COLUMN `name` CASCADE; args=[]
2017-06-24 21:23:51,240 [MainThread:4320] [django.db.backends:89] [utils:execute] [DEBUG]- (0.001) SHOW FULL TABLES; args=None
2017-06-24 21:23:51,243 [MainThread:4320] [django.db.backends:89] [utils:execute] [DEBUG]- (0.001) INSERT INTO `django_migrations` (`app`, `name`, `applied`) VALUES ('contenttypes', '0002_remove_content_type_name', '2017-06-24 13:23:51.241000'); args=['contenttypes', u'0002_remove_content_type_name', u'2017-06-24 13:23:51.241000']
2017-06-24 21:23:51,253 [MainThread:4320] [django.db.backends.schema:101] [schema:execute] [DEBUG]- CREATE TABLE `auth_permission` (`id` integer AUTO_INCREMENT NOT NULL PRIMARY KEY, `name` varchar(50) NOT NULL, `content_type_id` integer NOT NULL, `codename` varchar(100) NOT NULL); (params None)
2017-06-24 21:23:51,315 [MainThread:4320] [django.db.backends:89] [utils:execute] [DEBUG]- (0.063) CREATE TABLE `auth_permission` (`id` integer AUTO_INCREMENT NOT NULL PRIMARY KEY, `name` varchar(50) NOT NULL, `content_type_id` integer NOT NULL, `codename` varchar(100) NOT NULL); args=None
2017-06-24 21:23:51,318 [MainThread:4320] [django.db.backends:89] [utils:execute] [DEBUG]- (0.002) SELECT engine FROM information_schema.tables WHERE table_name = 'auth_permission'; args=[u'auth_permission']
2017-06-24 21:23:51,325 [MainThread:4320] [django.db.backends.schema:101] [schema:execute] [DEBUG]- CREATE TABLE `auth_group` (`id` integer AUTO_INCREMENT NOT NULL PRIMARY KEY, `name` varchar(80) NOT NULL UNIQUE); (params None)
2017-06-24 21:23:51,390 [MainThread:4320] [django.db.backends:89] [utils:execute] [DEBUG]- (0.063) CREATE TABLE `auth_group` (`id` integer AUTO_INCREMENT NOT NULL PRIMARY KEY, `name` varchar(80) NOT NULL UNIQUE); args=None
2017-06-24 21:23:51,391 [MainThread:4320] [django.db.backends:89] [utils:execute] [DEBUG]- (0.002) SELECT engine FROM information_schema.tables WHERE table_name = 'auth_group'; args=[u'auth_group']
2017-06-24 21:23:51,392 [MainThread:4320] [django.db.backends.schema:101] [schema:execute] [DEBUG]- CREATE TABLE `auth_group_permissions` (`id` integer AUTO_INCREMENT NOT NULL PRIMARY KEY, `group_id` integer NOT NULL, `permission_id` integer NOT NULL); (params None)
2017-06-24 21:23:51,466 [MainThread:4320] [django.db.backends:89] [utils:execute] [DEBUG]- (0.073) CREATE TABLE `auth_group_permissions` (`id` integer AUTO_INCREMENT NOT NULL PRIMARY KEY, `group_id` integer NOT NULL, `permission_id` integer NOT NULL); args=None
2017-06-24 21:23:51,470 [MainThread:4320] [django.db.backends:89] [utils:execute] [DEBUG]- (0.002) SELECT engine FROM information_schema.tables WHERE table_name = 'auth_group_permissions'; args=[u'auth_group_permissions']
2017-06-24 21:23:51,483 [MainThread:4320] [django.db.backends.schema:101] [schema:execute] [DEBUG]- ALTER TABLE `auth_permission` ADD CONSTRAINT `auth_permissi_content_type_id_2f476e4b_fk_django_content_type_id` FOREIGN KEY (`content_type_id`) REFERENCES `django_content_type` (`id`); (params [])
2017-06-24 21:23:51,635 [MainThread:4320] [django.db.backends:89] [utils:execute] [DEBUG]- (0.151) ALTER TABLE `auth_permission` ADD CONSTRAINT `auth_permissi_content_type_id_2f476e4b_fk_django_content_type_id` FOREIGN KEY (`content_type_id`) REFERENCES `django_content_type` (`id`); args=[]
2017-06-24 21:23:51,635 [MainThread:4320] [django.db.backends.schema:101] [schema:execute] [DEBUG]- ALTER TABLE `auth_permission` ADD CONSTRAINT `auth_permission_content_type_id_01ab375a_uniq` UNIQUE (`content_type_id`, `codename`); (params [])
2017-06-24 21:23:51,684 [MainThread:4320] [django.db.backends:89] [utils:execute] [DEBUG]- (0.047) ALTER TABLE `auth_permission` ADD CONSTRAINT `auth_permission_content_type_id_01ab375a_uniq` UNIQUE (`content_type_id`, `codename`); args=[]
2017-06-24 21:23:51,684 [MainThread:4320] [django.db.backends.schema:101] [schema:execute] [DEBUG]- ALTER TABLE `auth_group_permissions` ADD CONSTRAINT `auth_group_permissions_group_id_b120cbf9_fk_auth_group_id` FOREIGN KEY (`group_id`) REFERENCES `auth_group` (`id`); (params [])
2017-06-24 21:23:51,894 [MainThread:4320] [django.db.backends:89] [utils:execute] [DEBUG]- (0.210) ALTER TABLE `auth_group_permissions` ADD CONSTRAINT `auth_group_permissions_group_id_b120cbf9_fk_auth_group_id` FOREIGN KEY (`group_id`) REFERENCES `auth_group` (`id`); args=[]
2017-06-24 21:23:51,894 [MainThread:4320] [django.db.backends.schema:101] [schema:execute] [DEBUG]- ALTER TABLE `auth_group_permissions` ADD CONSTRAINT `auth_group_permissi_permission_id_84c5c92e_fk_auth_permission_id` FOREIGN KEY (`permission_id`) REFERENCES `auth_permission` (`id`); (params [])
2017-06-24 21:23:52,039 [MainThread:4320] [django.db.backends:89] [utils:execute] [DEBUG]- (0.143) ALTER TABLE `auth_group_permissions` ADD CONSTRAINT `auth_group_permissi_permission_id_84c5c92e_fk_auth_permission_id` FOREIGN KEY (`permission_id`) REFERENCES `auth_permission` (`id`); args=[]
2017-06-24 21:23:52,039 [MainThread:4320] [django.db.backends.schema:101] [schema:execute] [DEBUG]- ALTER TABLE `auth_group_permissions` ADD CONSTRAINT `auth_group_permissions_group_id_0cd325b0_uniq` UNIQUE (`group_id`, `permission_id`); (params [])
2017-06-24 21:23:52,085 [MainThread:4320] [django.db.backends:89] [utils:execute] [DEBUG]- (0.045) ALTER TABLE `auth_group_permissions` ADD CONSTRAINT `auth_group_permissions_group_id_0cd325b0_uniq` UNIQUE (`group_id`, `permission_id`); args=[]
2017-06-24 21:23:52,086 [MainThread:4320] [django.db.backends:89] [utils:execute] [DEBUG]- (0.001) SHOW FULL TABLES; args=None
2017-06-24 21:23:52,089 [MainThread:4320] [django.db.backends:89] [utils:execute] [DEBUG]- (0.001) INSERT INTO `django_migrations` (`app`, `name`, `applied`) VALUES ('auth', '0001_initial', '2017-06-24 13:23:52.088000'); args=['auth', u'0001_initial', u'2017-06-24 13:23:52.088000']
2017-06-24 21:23:52,101 [MainThread:4320] [django.db.backends.schema:101] [schema:execute] [DEBUG]- ALTER TABLE `auth_permission` MODIFY `name` varchar(255) NOT NULL; (params [])
2017-06-24 21:23:52,346 [MainThread:4320] [django.db.backends:89] [utils:execute] [DEBUG]- (0.245) ALTER TABLE `auth_permission` MODIFY `name` varchar(255) NOT NULL; args=[]
2017-06-24 21:23:52,348 [MainThread:4320] [django.db.backends:89] [utils:execute] [DEBUG]- (0.002) SHOW FULL TABLES; args=None
2017-06-24 21:23:52,351 [MainThread:4320] [django.db.backends:89] [utils:execute] [DEBUG]- (0.000) INSERT INTO `django_migrations` (`app`, `name`, `applied`) VALUES ('auth', '0002_alter_permission_name_max_length', '2017-06-24 13:23:52.350000'); args=['auth', u'0002_alter_permission_name_max_length', u'2017-06-24 13:23:52.350000']
2017-06-24 21:23:52,368 [MainThread:4320] [django.db.backends:89] [utils:execute] [DEBUG]- (0.002) SHOW FULL TABLES; args=None
2017-06-24 21:23:52,371 [MainThread:4320] [django.db.backends:89] [utils:execute] [DEBUG]- (0.001) INSERT INTO `django_migrations` (`app`, `name`, `applied`) VALUES ('auth', '0003_alter_user_email_max_length', '2017-06-24 13:23:52.370000'); args=['auth', u'0003_alter_user_email_max_length', u'2017-06-24 13:23:52.370000']
2017-06-24 21:23:52,388 [MainThread:4320] [django.db.backends:89] [utils:execute] [DEBUG]- (0.001) SHOW FULL TABLES; args=None
2017-06-24 21:23:52,388 [MainThread:4320] [django.db.backends:89] [utils:execute] [DEBUG]- (0.000) INSERT INTO `django_migrations` (`app`, `name`, `applied`) VALUES ('auth', '0004_alter_user_username_opts', '2017-06-24 13:23:52.388000'); args=['auth', u'0004_alter_user_username_opts', u'2017-06-24 13:23:52.388000']
2017-06-24 21:23:52,405 [MainThread:4320] [django.db.backends:89] [utils:execute] [DEBUG]- (0.002) SHOW FULL TABLES; args=None
2017-06-24 21:23:52,407 [MainThread:4320] [django.db.backends:89] [utils:execute] [DEBUG]- (0.001) INSERT INTO `django_migrations` (`app`, `name`, `applied`) VALUES ('auth', '0005_alter_user_last_login_null', '2017-06-24 13:23:52.406000'); args=['auth', u'0005_alter_user_last_login_null', u'2017-06-24 13:23:52.406000']
2017-06-24 21:23:52,411 [MainThread:4320] [django.db.backends:89] [utils:execute] [DEBUG]- (0.001) SHOW FULL TABLES; args=None
2017-06-24 21:23:52,414 [MainThread:4320] [django.db.backends:89] [utils:execute] [DEBUG]- (0.001) INSERT INTO `django_migrations` (`app`, `name`, `applied`) VALUES ('auth', '0006_require_contenttypes_0002', '2017-06-24 13:23:52.413000'); args=['auth', u'0006_require_contenttypes_0002', u'2017-06-24 13:23:52.413000']
2017-06-24 21:23:52,430 [MainThread:4320] [django.db.backends:89] [utils:execute] [DEBUG]- (0.002) SHOW FULL TABLES; args=None
2017-06-24 21:23:52,433 [MainThread:4320] [django.db.backends:89] [utils:execute] [DEBUG]- (0.001) INSERT INTO `django_migrations` (`app`, `name`, `applied`) VALUES ('auth', '0007_alter_validators_add_error_messages', '2017-06-24 13:23:52.431000'); args=['auth', u'0007_alter_validators_add_error_messages', u'2017-06-24 13:23:52.431000']
2017-06-24 21:23:52,450 [MainThread:4320] [django.db.backends.schema:101] [schema:execute] [DEBUG]- CREATE TABLE `Acc_user` (`id` integer AUTO_INCREMENT NOT NULL PRIMARY KEY, `password` varchar(128) NOT NULL, `last_login` datetime(6) NULL, `is_superuser` bool NOT NULL, `username` varchar(30) NOT NULL UNIQUE, `first_name` varchar(30) NOT NULL, `last_name` varchar(30) NOT NULL, `email` varchar(254) NOT NULL, `is_staff` bool NOT NULL, `is_active` bool NOT NULL, `date_joined` datetime(6) NOT NULL, `avatar` varchar(200) NOT NULL, `qq` varchar(20) NULL, `mobil` varchar(11) NULL UNIQUE); (params None)
2017-06-24 21:23:52,519 [MainThread:4320] [django.db.backends:89] [utils:execute] [DEBUG]- (0.067) CREATE TABLE `Acc_user` (`id` integer AUTO_INCREMENT NOT NULL PRIMARY KEY, `password` varchar(128) NOT NULL, `last_login` datetime(6) NULL, `is_superuser` bool NOT NULL, `username` varchar(30) NOT NULL UNIQUE, `first_name` varchar(30) NOT NULL, `last_name` varchar(30) NOT NULL, `email` varchar(254) NOT NULL, `is_staff` bool NOT NULL, `is_active` bool NOT NULL, `date_joined` datetime(6) NOT NULL, `avatar` varchar(200) NOT NULL, `qq` varchar(20) NULL, `mobil` varchar(11) NULL UNIQUE); args=None
2017-06-24 21:23:52,520 [MainThread:4320] [django.db.backends:89] [utils:execute] [DEBUG]- (0.002) SELECT engine FROM information_schema.tables WHERE table_name = 'Acc_user'; args=[u'Acc_user']
2017-06-24 21:23:52,522 [MainThread:4320] [django.db.backends.schema:101] [schema:execute] [DEBUG]- CREATE TABLE `Acc_user_groups` (`id` integer AUTO_INCREMENT NOT NULL PRIMARY KEY, `user_id` integer NOT NULL, `group_id` integer NOT NULL); (params None)
2017-06-24 21:23:52,588 [MainThread:4320] [django.db.backends:89] [utils:execute] [DEBUG]- (0.066) CREATE TABLE `Acc_user_groups` (`id` integer AUTO_INCREMENT NOT NULL PRIMARY KEY, `user_id` integer NOT NULL, `group_id` integer NOT NULL); args=None
2017-06-24 21:23:52,591 [MainThread:4320] [django.db.backends:89] [utils:execute] [DEBUG]- (0.003) SELECT engine FROM information_schema.tables WHERE table_name = 'Acc_user_groups'; args=[u'Acc_user_groups']
2017-06-24 21:23:52,592 [MainThread:4320] [django.db.backends.schema:101] [schema:execute] [DEBUG]- CREATE TABLE `Acc_user_user_permissions` (`id` integer AUTO_INCREMENT NOT NULL PRIMARY KEY, `user_id` integer NOT NULL, `permission_id` integer NOT NULL); (params None)
2017-06-24 21:23:52,655 [MainThread:4320] [django.db.backends:89] [utils:execute] [DEBUG]- (0.064) CREATE TABLE `Acc_user_user_permissions` (`id` integer AUTO_INCREMENT NOT NULL PRIMARY KEY, `user_id` integer NOT NULL, `permission_id` integer NOT NULL); args=None
2017-06-24 21:23:52,658 [MainThread:4320] [django.db.backends:89] [utils:execute] [DEBUG]- (0.001) SELECT engine FROM information_schema.tables WHERE table_name = 'Acc_user_user_permissions'; args=[u'Acc_user_user_permissions']
2017-06-24 21:23:52,658 [MainThread:4320] [django.db.backends.schema:101] [schema:execute] [DEBUG]- ALTER TABLE `Acc_user_groups` ADD CONSTRAINT `Acc_user_groups_user_id_10326ec9_fk_Acc_user_id` FOREIGN KEY (`user_id`) REFERENCES `Acc_user` (`id`); (params [])
2017-06-24 21:23:52,802 [MainThread:4320] [django.db.backends:89] [utils:execute] [DEBUG]- (0.143) ALTER TABLE `Acc_user_groups` ADD CONSTRAINT `Acc_user_groups_user_id_10326ec9_fk_Acc_user_id` FOREIGN KEY (`user_id`) REFERENCES `Acc_user` (`id`); args=[]
2017-06-24 21:23:52,802 [MainThread:4320] [django.db.backends.schema:101] [schema:execute] [DEBUG]- ALTER TABLE `Acc_user_groups` ADD CONSTRAINT `Acc_user_groups_group_id_30c693ee_fk_auth_group_id` FOREIGN KEY (`group_id`) REFERENCES `auth_group` (`id`); (params [])
2017-06-24 21:23:53,085 [MainThread:4320] [django.db.backends:89] [utils:execute] [DEBUG]- (0.281) ALTER TABLE `Acc_user_groups` ADD CONSTRAINT `Acc_user_groups_group_id_30c693ee_fk_auth_group_id` FOREIGN KEY (`group_id`) REFERENCES `auth_group` (`id`); args=[]
2017-06-24 21:23:53,085 [MainThread:4320] [django.db.backends.schema:101] [schema:execute] [DEBUG]- ALTER TABLE `Acc_user_groups` ADD CONSTRAINT `Acc_user_groups_user_id_e48ea027_uniq` UNIQUE (`user_id`, `group_id`); (params [])
2017-06-24 21:23:53,127 [MainThread:4320] [django.db.backends:89] [utils:execute] [DEBUG]- (0.042) ALTER TABLE `Acc_user_groups` ADD CONSTRAINT `Acc_user_groups_user_id_e48ea027_uniq` UNIQUE (`user_id`, `group_id`); args=[]
2017-06-24 21:23:53,128 [MainThread:4320] [django.db.backends.schema:101] [schema:execute] [DEBUG]- ALTER TABLE `Acc_user_user_permissions` ADD CONSTRAINT `Acc_user_user_permissions_user_id_11a19525_fk_Acc_user_id` FOREIGN KEY (`user_id`) REFERENCES `Acc_user` (`id`); (params [])
2017-06-24 21:23:53,293 [MainThread:4320] [django.db.backends:89] [utils:execute] [DEBUG]- (0.166) ALTER TABLE `Acc_user_user_permissions` ADD CONSTRAINT `Acc_user_user_permissions_user_id_11a19525_fk_Acc_user_id` FOREIGN KEY (`user_id`) REFERENCES `Acc_user` (`id`); args=[]
2017-06-24 21:23:53,293 [MainThread:4320] [django.db.backends.schema:101] [schema:execute] [DEBUG]- ALTER TABLE `Acc_user_user_permissions` ADD CONSTRAINT `Acc_user_user_permi_permission_id_ac6be949_fk_auth_permission_id` FOREIGN KEY (`permission_id`) REFERENCES `auth_permission` (`id`); (params [])
2017-06-24 21:23:53,421 [MainThread:4320] [django.db.backends:89] [utils:execute] [DEBUG]- (0.127) ALTER TABLE `Acc_user_user_permissions` ADD CONSTRAINT `Acc_user_user_permi_permission_id_ac6be949_fk_auth_permission_id` FOREIGN KEY (`permission_id`) REFERENCES `auth_permission` (`id`); args=[]
2017-06-24 21:23:53,421 [MainThread:4320] [django.db.backends.schema:101] [schema:execute] [DEBUG]- ALTER TABLE `Acc_user_user_permissions` ADD CONSTRAINT `Acc_user_user_permissions_user_id_5e5f25c4_uniq` UNIQUE (`user_id`, `permission_id`); (params [])
2017-06-24 21:23:53,463 [MainThread:4320] [django.db.backends:89] [utils:execute] [DEBUG]- (0.042) ALTER TABLE `Acc_user_user_permissions` ADD CONSTRAINT `Acc_user_user_permissions_user_id_5e5f25c4_uniq` UNIQUE (`user_id`, `permission_id`); args=[]
2017-06-24 21:23:53,467 [MainThread:4320] [django.db.backends:89] [utils:execute] [DEBUG]- (0.003) SHOW FULL TABLES; args=None
2017-06-24 21:23:53,470 [MainThread:4320] [django.db.backends:89] [utils:execute] [DEBUG]- (0.002) INSERT INTO `django_migrations` (`app`, `name`, `applied`) VALUES ('Acc', '0001_initial', '2017-06-24 13:23:53.468000'); args=['Acc', u'0001_initial', u'2017-06-24 13:23:53.468000']
2017-06-24 21:23:53,479 [MainThread:4320] [django.db.backends.schema:101] [schema:execute] [DEBUG]- CREATE TABLE `Acc_rzxx` (`id` integer AUTO_INCREMENT NOT NULL PRIMARY KEY, `sbcj` varchar(50) NOT NULL, `sbxh` varchar(50) NOT NULL, `rzsj` datetime(6) NOT NULL); (params None)
2017-06-24 21:23:53,549 [MainThread:4320] [django.db.backends:89] [utils:execute] [DEBUG]- (0.071) CREATE TABLE `Acc_rzxx` (`id` integer AUTO_INCREMENT NOT NULL PRIMARY KEY, `sbcj` varchar(50) NOT NULL, `sbxh` varchar(50) NOT NULL, `rzsj` datetime(6) NOT NULL); args=None
2017-06-24 21:23:53,552 [MainThread:4320] [django.db.backends:89] [utils:execute] [DEBUG]- (0.002) SELECT engine FROM information_schema.tables WHERE table_name = 'Acc_rzxx'; args=[u'Acc_rzxx']
2017-06-24 21:23:53,562 [MainThread:4320] [django.db.backends.schema:101] [schema:execute] [DEBUG]- CREATE TABLE `Acc_sbcj` (`id` integer AUTO_INCREMENT NOT NULL PRIMARY KEY, `cjmc` varchar(50) NOT NULL, `szdq` varchar(50) NOT NULL); (params None)
2017-06-24 21:23:53,625 [MainThread:4320] [django.db.backends:89] [utils:execute] [DEBUG]- (0.063) CREATE TABLE `Acc_sbcj` (`id` integer AUTO_INCREMENT NOT NULL PRIMARY KEY, `cjmc` varchar(50) NOT NULL, `szdq` varchar(50) NOT NULL); args=None
2017-06-24 21:23:53,628 [MainThread:4320] [django.db.backends:89] [utils:execute] [DEBUG]- (0.003) SELECT engine FROM information_schema.tables WHERE table_name = 'Acc_sbcj'; args=[u'Acc_sbcj']
2017-06-24 21:23:53,631 [MainThread:4320] [django.db.backends.schema:101] [schema:execute] [DEBUG]- CREATE TABLE `Acc_sbxh` (`id` integer AUTO_INCREMENT NOT NULL PRIMARY KEY, `sbxh` varchar(50) NOT NULL, `leix` varchar(50) NOT NULL); (params None)
2017-06-24 21:23:53,690 [MainThread:4320] [django.db.backends:89] [utils:execute] [DEBUG]- (0.057) CREATE TABLE `Acc_sbxh` (`id` integer AUTO_INCREMENT NOT NULL PRIMARY KEY, `sbxh` varchar(50) NOT NULL, `leix` varchar(50) NOT NULL); args=None
2017-06-24 21:23:53,691 [MainThread:4320] [django.db.backends:89] [utils:execute] [DEBUG]- (0.002) SELECT engine FROM information_schema.tables WHERE table_name = 'Acc_sbxh'; args=[u'Acc_sbxh']
2017-06-24 21:23:53,696 [MainThread:4320] [django.db.backends.schema:101] [schema:execute] [DEBUG]- CREATE TABLE `Acc_yyxx` (`id` integer AUTO_INCREMENT NOT NULL PRIMARY KEY, `yymc` varchar(50) NOT NULL, `shengf` varchar(50) NOT NULL, `dengj` varchar(50) NOT NULL); (params None)
2017-06-24 21:23:53,779 [MainThread:4320] [django.db.backends:89] [utils:execute] [DEBUG]- (0.083) CREATE TABLE `Acc_yyxx` (`id` integer AUTO_INCREMENT NOT NULL PRIMARY KEY, `yymc` varchar(50) NOT NULL, `shengf` varchar(50) NOT NULL, `dengj` varchar(50) NOT NULL); args=None
2017-06-24 21:23:53,782 [MainThread:4320] [django.db.backends:89] [utils:execute] [DEBUG]- (0.002) SELECT engine FROM information_schema.tables WHERE table_name = 'Acc_yyxx'; args=[u'Acc_yyxx']
2017-06-24 21:23:53,793 [MainThread:4320] [django.db.backends.schema:101] [schema:execute] [DEBUG]- ALTER TABLE `Acc_rzxx` ADD COLUMN `yymc_id` integer NOT NULL; (params [])
2017-06-24 21:23:53,941 [MainThread:4320] [django.db.backends:89] [utils:execute] [DEBUG]- (0.147) ALTER TABLE `Acc_rzxx` ADD COLUMN `yymc_id` integer NOT NULL; args=[]
2017-06-24 21:23:53,941 [MainThread:4320] [django.db.backends.schema:101] [schema:execute] [DEBUG]- ALTER TABLE `Acc_rzxx` ALTER COLUMN `yymc_id` DROP DEFAULT; (params [])
2017-06-24 21:23:53,956 [MainThread:4320] [django.db.backends:89] [utils:execute] [DEBUG]- (0.013) ALTER TABLE `Acc_rzxx` ALTER COLUMN `yymc_id` DROP DEFAULT; args=[]
2017-06-24 21:23:53,957 [MainThread:4320] [django.db.backends.schema:101] [schema:execute] [DEBUG]- CREATE INDEX `Acc_rzxx_b5924f64` ON `Acc_rzxx` (`yymc_id`); (params [])
2017-06-24 21:23:53,986 [MainThread:4320] [django.db.backends:89] [utils:execute] [DEBUG]- (0.029) CREATE INDEX `Acc_rzxx_b5924f64` ON `Acc_rzxx` (`yymc_id`); args=[]
2017-06-24 21:23:53,986 [MainThread:4320] [django.db.backends.schema:101] [schema:execute] [DEBUG]- ALTER TABLE `Acc_rzxx` ADD CONSTRAINT `Acc_rzxx_yymc_id_1c346f80_fk_Acc_yyxx_id` FOREIGN KEY (`yymc_id`) REFERENCES `Acc_yyxx` (`id`); (params [])
2017-06-24 21:23:54,224 [MainThread:4320] [django.db.backends:89] [utils:execute] [DEBUG]- (0.238) ALTER TABLE `Acc_rzxx` ADD CONSTRAINT `Acc_rzxx_yymc_id_1c346f80_fk_Acc_yyxx_id` FOREIGN KEY (`yymc_id`) REFERENCES `Acc_yyxx` (`id`); args=[]
2017-06-24 21:23:54,229 [MainThread:4320] [django.db.backends:89] [utils:execute] [DEBUG]- (0.003) SHOW FULL TABLES; args=None
2017-06-24 21:23:54,230 [MainThread:4320] [django.db.backends:89] [utils:execute] [DEBUG]- (0.000) INSERT INTO `django_migrations` (`app`, `name`, `applied`) VALUES ('Acc', '0002_auto_20170624_2110', '2017-06-24 13:23:54.230000'); args=['Acc', u'0002_auto_20170624_2110', u'2017-06-24 13:23:54.230000']
2017-06-24 21:23:54,236 [MainThread:4320] [django.db.backends:89] [utils:execute] [DEBUG]- (0.003) SHOW FULL TABLES; args=None
2017-06-24 21:23:54,240 [MainThread:4320] [django.db.backends:89] [utils:execute] [DEBUG]- (0.002) SELECT `django_migrations`.`app`, `django_migrations`.`name` FROM `django_migrations`; args=()
2017-06-24 21:23:54,246 [MainThread:4320] [django.db.backends:89] [utils:execute] [DEBUG]- (0.002) SELECT `django_content_type`.`id`, `django_content_type`.`app_label`, `django_content_type`.`model` FROM `django_content_type` WHERE (`django_content_type`.`model` = 'logentry' AND `django_content_type`.`app_label` = 'admin'); args=('logentry', 'admin')
2017-06-24 21:23:54,249 [MainThread:4320] [django.db.backends:89] [utils:execute] [DEBUG]- (0.001) SELECT `django_content_type`.`id`, `django_content_type`.`app_label`, `django_content_type`.`model` FROM `django_content_type` WHERE (`django_content_type`.`model` = 'logentry' AND `django_content_type`.`app_label` = 'admin'); args=('logentry', 'admin')
2017-06-24 21:23:54,252 [MainThread:4320] [django.db.backends:89] [utils:execute] [DEBUG]- (0.001) INSERT INTO `django_content_type` (`app_label`, `model`) VALUES ('admin', 'logentry'); args=['admin', 'logentry']
2017-06-24 21:23:54,269 [MainThread:4320] [django.db.backends:89] [utils:execute] [DEBUG]- (0.011) SELECT `auth_permission`.`content_type_id`, `auth_permission`.`codename` FROM `auth_permission` INNER JOIN `django_content_type` ON (`auth_permission`.`content_type_id` = `django_content_type`.`id`) WHERE `auth_permission`.`content_type_id` IN (1) ORDER BY `django_content_type`.`app_label` ASC, `django_content_type`.`model` ASC, `auth_permission`.`codename` ASC; args=(1,)
2017-06-24 21:23:54,273 [MainThread:4320] [django.db.backends:89] [utils:execute] [DEBUG]- (0.002) INSERT INTO `auth_permission` (`name`, `content_type_id`, `codename`) VALUES ('Can add log entry', 1, 'add_logentry'), ('Can change log entry', 1, 'change_logentry'), ('Can delete log entry', 1, 'delete_logentry'); args=(u'Can add log entry', 1, u'add_logentry', u'Can change log entry', 1, u'change_logentry', u'Can delete log entry', 1, u'delete_logentry')
2017-06-24 21:23:54,279 [MainThread:4320] [django.db.backends:89] [utils:execute] [DEBUG]- (0.001) SELECT `django_content_type`.`id`, `django_content_type`.`app_label`, `django_content_type`.`model` FROM `django_content_type` WHERE `django_content_type`.`app_label` = 'admin'; args=('admin',)
2017-06-24 21:23:54,282 [MainThread:4320] [django.db.backends:89] [utils:execute] [DEBUG]- (0.001) SELECT `django_content_type`.`id`, `django_content_type`.`app_label`, `django_content_type`.`model` FROM `django_content_type` WHERE (`django_content_type`.`model` = 'permission' AND `django_content_type`.`app_label` = 'auth'); args=('permission', 'auth')
2017-06-24 21:23:54,286 [MainThread:4320] [django.db.backends:89] [utils:execute] [DEBUG]- (0.002) SELECT `django_content_type`.`id`, `django_content_type`.`app_label`, `django_content_type`.`model` FROM `django_content_type` WHERE (`django_content_type`.`model` = 'permission' AND `django_content_type`.`app_label` = 'auth'); args=('permission', 'auth')
2017-06-24 21:23:54,289 [MainThread:4320] [django.db.backends:89] [utils:execute] [DEBUG]- (0.001) INSERT INTO `django_content_type` (`app_label`, `model`) VALUES ('auth', 'permission'); args=['auth', 'permission']
2017-06-24 21:23:54,296 [MainThread:4320] [django.db.backends:89] [utils:execute] [DEBUG]- (0.001) SELECT `django_content_type`.`id`, `django_content_type`.`app_label`, `django_content_type`.`model` FROM `django_content_type` WHERE (`django_content_type`.`model` = 'group' AND `django_content_type`.`app_label` = 'auth'); args=('group', 'auth')
2017-06-24 21:23:54,302 [MainThread:4320] [django.db.backends:89] [utils:execute] [DEBUG]- (0.003) SELECT `django_content_type`.`id`, `django_content_type`.`app_label`, `django_content_type`.`model` FROM `django_content_type` WHERE (`django_content_type`.`model` = 'group' AND `django_content_type`.`app_label` = 'auth'); args=('group', 'auth')
2017-06-24 21:23:54,303 [MainThread:4320] [django.db.backends:89] [utils:execute] [DEBUG]- (0.001) INSERT INTO `django_content_type` (`app_label`, `model`) VALUES ('auth', 'group'); args=['auth', 'group']
2017-06-24 21:23:54,315 [MainThread:4320] [django.db.backends:89] [utils:execute] [DEBUG]- (0.004) SELECT `auth_permission`.`content_type_id`, `auth_permission`.`codename` FROM `auth_permission` INNER JOIN `django_content_type` ON (`auth_permission`.`content_type_id` = `django_content_type`.`id`) WHERE `auth_permission`.`content_type_id` IN (2, 3) ORDER BY `django_content_type`.`app_label` ASC, `django_content_type`.`model` ASC, `auth_permission`.`codename` ASC; args=(2, 3)
2017-06-24 21:23:54,321 [MainThread:4320] [django.db.backends:89] [utils:execute] [DEBUG]- (0.001) INSERT INTO `auth_permission` (`name`, `content_type_id`, `codename`) VALUES ('Can add permission', 2, 'add_permission'), ('Can change permission', 2, 'change_permission'), ('Can delete permission', 2, 'delete_permission'), ('Can add group', 3, 'add_group'), ('Can change group', 3, 'change_group'), ('Can delete group', 3, 'delete_group'); args=(u'Can add permission', 2, u'add_permission', u'Can change permission', 2, u'change_permission', u'Can delete permission', 2, u'delete_permission', u'Can add group', 3, u'add_group', u'Can change group', 3, u'change_group', u'Can delete group', 3, u'delete_group')
2017-06-24 21:23:54,326 [MainThread:4320] [django.db.backends:89] [utils:execute] [DEBUG]- (0.001) SELECT `django_content_type`.`id`, `django_content_type`.`app_label`, `django_content_type`.`model` FROM `django_content_type` WHERE `django_content_type`.`app_label` = 'auth'; args=('auth',)
2017-06-24 21:23:54,331 [MainThread:4320] [django.db.backends:89] [utils:execute] [DEBUG]- (0.001) SELECT `django_content_type`.`id`, `django_content_type`.`app_label`, `django_content_type`.`model` FROM `django_content_type` WHERE (`django_content_type`.`model` = 'contenttype' AND `django_content_type`.`app_label` = 'contenttypes'); args=('contenttype', 'contenttypes')
2017-06-24 21:23:54,335 [MainThread:4320] [django.db.backends:89] [utils:execute] [DEBUG]- (0.002) SELECT `django_content_type`.`id`, `django_content_type`.`app_label`, `django_content_type`.`model` FROM `django_content_type` WHERE (`django_content_type`.`model` = 'contenttype' AND `django_content_type`.`app_label` = 'contenttypes'); args=('contenttype', 'contenttypes')
2017-06-24 21:23:54,336 [MainThread:4320] [django.db.backends:89] [utils:execute] [DEBUG]- (0.000) INSERT INTO `django_content_type` (`app_label`, `model`) VALUES ('contenttypes', 'contenttype'); args=['contenttypes', 'contenttype']
2017-06-24 21:23:54,345 [MainThread:4320] [django.db.backends:89] [utils:execute] [DEBUG]- (0.001) SELECT `auth_permission`.`content_type_id`, `auth_permission`.`codename` FROM `auth_permission` INNER JOIN `django_content_type` ON (`auth_permission`.`content_type_id` = `django_content_type`.`id`) WHERE `auth_permission`.`content_type_id` IN (4) ORDER BY `django_content_type`.`app_label` ASC, `django_content_type`.`model` ASC, `auth_permission`.`codename` ASC; args=(4,)
2017-06-24 21:23:54,348 [MainThread:4320] [django.db.backends:89] [utils:execute] [DEBUG]- (0.001) INSERT INTO `auth_permission` (`name`, `content_type_id`, `codename`) VALUES ('Can add content type', 4, 'add_contenttype'), ('Can change content type', 4, 'change_contenttype'), ('Can delete content type', 4, 'delete_contenttype'); args=(u'Can add content type', 4, u'add_contenttype', u'Can change content type', 4, u'change_contenttype', u'Can delete content type', 4, u'delete_contenttype')
2017-06-24 21:23:54,355 [MainThread:4320] [django.db.backends:89] [utils:execute] [DEBUG]- (0.001) SELECT `django_content_type`.`id`, `django_content_type`.`app_label`, `django_content_type`.`model` FROM `django_content_type` WHERE `django_content_type`.`app_label` = 'contenttypes'; args=('contenttypes',)
2017-06-24 21:23:54,359 [MainThread:4320] [django.db.backends:89] [utils:execute] [DEBUG]- (0.001) SELECT `django_content_type`.`id`, `django_content_type`.`app_label`, `django_content_type`.`model` FROM `django_content_type` WHERE (`django_content_type`.`model` = 'session' AND `django_content_type`.`app_label` = 'sessions'); args=('session', 'sessions')
2017-06-24 21:23:54,362 [MainThread:4320] [django.db.backends:89] [utils:execute] [DEBUG]- (0.001) SELECT `django_content_type`.`id`, `django_content_type`.`app_label`, `django_content_type`.`model` FROM `django_content_type` WHERE (`django_content_type`.`model` = 'session' AND `django_content_type`.`app_label` = 'sessions'); args=('session', 'sessions')
2017-06-24 21:23:54,365 [MainThread:4320] [django.db.backends:89] [utils:execute] [DEBUG]- (0.000) INSERT INTO `django_content_type` (`app_label`, `model`) VALUES ('sessions', 'session'); args=['sessions', 'session']
2017-06-24 21:23:54,374 [MainThread:4320] [django.db.backends:89] [utils:execute] [DEBUG]- (0.001) SELECT `auth_permission`.`content_type_id`, `auth_permission`.`codename` FROM `auth_permission` INNER JOIN `django_content_type` ON (`auth_permission`.`content_type_id` = `django_content_type`.`id`) WHERE `auth_permission`.`content_type_id` IN (5) ORDER BY `django_content_type`.`app_label` ASC, `django_content_type`.`model` ASC, `auth_permission`.`codename` ASC; args=(5,)
2017-06-24 21:23:54,378 [MainThread:4320] [django.db.backends:89] [utils:execute] [DEBUG]- (0.002) INSERT INTO `auth_permission` (`name`, `content_type_id`, `codename`) VALUES ('Can add session', 5, 'add_session'), ('Can change session', 5, 'change_session'), ('Can delete session', 5, 'delete_session'); args=(u'Can add session', 5, u'add_session', u'Can change session', 5, u'change_session', u'Can delete session', 5, u'delete_session')
2017-06-24 21:23:54,384 [MainThread:4320] [django.db.backends:89] [utils:execute] [DEBUG]- (0.001) SELECT `django_content_type`.`id`, `django_content_type`.`app_label`, `django_content_type`.`model` FROM `django_content_type` WHERE `django_content_type`.`app_label` = 'sessions'; args=('sessions',)
2017-06-24 21:23:54,388 [MainThread:4320] [django.db.backends:89] [utils:execute] [DEBUG]- (0.001) SELECT `django_content_type`.`id`, `django_content_type`.`app_label`, `django_content_type`.`model` FROM `django_content_type` WHERE (`django_content_type`.`model` = 'user' AND `django_content_type`.`app_label` = 'Acc'); args=('user', 'Acc')
2017-06-24 21:23:54,391 [MainThread:4320] [django.db.backends:89] [utils:execute] [DEBUG]- (0.001) SELECT `django_content_type`.`id`, `django_content_type`.`app_label`, `django_content_type`.`model` FROM `django_content_type` WHERE (`django_content_type`.`model` = 'user' AND `django_content_type`.`app_label` = 'Acc'); args=('user', 'Acc')
2017-06-24 21:23:54,392 [MainThread:4320] [django.db.backends:89] [utils:execute] [DEBUG]- (0.000) INSERT INTO `django_content_type` (`app_label`, `model`) VALUES ('Acc', 'user'); args=['Acc', 'user']
2017-06-24 21:23:54,400 [MainThread:4320] [django.db.backends:89] [utils:execute] [DEBUG]- (0.001) SELECT `django_content_type`.`id`, `django_content_type`.`app_label`, `django_content_type`.`model` FROM `django_content_type` WHERE (`django_content_type`.`model` = 'yyxx' AND `django_content_type`.`app_label` = 'Acc'); args=('yyxx', 'Acc')
2017-06-24 21:23:54,404 [MainThread:4320] [django.db.backends:89] [utils:execute] [DEBUG]- (0.001) SELECT `django_content_type`.`id`, `django_content_type`.`app_label`, `django_content_type`.`model` FROM `django_content_type` WHERE (`django_content_type`.`model` = 'yyxx' AND `django_content_type`.`app_label` = 'Acc'); args=('yyxx', 'Acc')
2017-06-24 21:23:54,405 [MainThread:4320] [django.db.backends:89] [utils:execute] [DEBUG]- (0.001) INSERT INTO `django_content_type` (`app_label`, `model`) VALUES ('Acc', 'yyxx'); args=['Acc', 'yyxx']
2017-06-24 21:23:54,414 [MainThread:4320] [django.db.backends:89] [utils:execute] [DEBUG]- (0.001) SELECT `django_content_type`.`id`, `django_content_type`.`app_label`, `django_content_type`.`model` FROM `django_content_type` WHERE (`django_content_type`.`model` = 'rzxx' AND `django_content_type`.`app_label` = 'Acc'); args=('rzxx', 'Acc')
2017-06-24 21:23:54,417 [MainThread:4320] [django.db.backends:89] [utils:execute] [DEBUG]- (0.001) SELECT `django_content_type`.`id`, `django_content_type`.`app_label`, `django_content_type`.`model` FROM `django_content_type` WHERE (`django_content_type`.`model` = 'rzxx' AND `django_content_type`.`app_label` = 'Acc'); args=('rzxx', 'Acc')
2017-06-24 21:23:54,420 [MainThread:4320] [django.db.backends:89] [utils:execute] [DEBUG]- (0.001) INSERT INTO `django_content_type` (`app_label`, `model`) VALUES ('Acc', 'rzxx'); args=['Acc', 'rzxx']
2017-06-24 21:23:54,427 [MainThread:4320] [django.db.backends:89] [utils:execute] [DEBUG]- (0.001) SELECT `django_content_type`.`id`, `django_content_type`.`app_label`, `django_content_type`.`model` FROM `django_content_type` WHERE (`django_content_type`.`model` = 'sbcj' AND `django_content_type`.`app_label` = 'Acc'); args=('sbcj', 'Acc')
2017-06-24 21:23:54,430 [MainThread:4320] [django.db.backends:89] [utils:execute] [DEBUG]- (0.001) SELECT `django_content_type`.`id`, `django_content_type`.`app_label`, `django_content_type`.`model` FROM `django_content_type` WHERE (`django_content_type`.`model` = 'sbcj' AND `django_content_type`.`app_label` = 'Acc'); args=('sbcj', 'Acc')
2017-06-24 21:23:54,431 [MainThread:4320] [django.db.backends:89] [utils:execute] [DEBUG]- (0.000) INSERT INTO `django_content_type` (`app_label`, `model`) VALUES ('Acc', 'sbcj'); args=['Acc', 'sbcj']
2017-06-24 21:23:54,440 [MainThread:4320] [django.db.backends:89] [utils:execute] [DEBUG]- (0.002) SELECT `django_content_type`.`id`, `django_content_type`.`app_label`, `django_content_type`.`model` FROM `django_content_type` WHERE (`django_content_type`.`model` = 'sbxh' AND `django_content_type`.`app_label` = 'Acc'); args=('sbxh', 'Acc')
2017-06-24 21:23:54,443 [MainThread:4320] [django.db.backends:89] [utils:execute] [DEBUG]- (0.001) SELECT `django_content_type`.`id`, `django_content_type`.`app_label`, `django_content_type`.`model` FROM `django_content_type` WHERE (`django_content_type`.`model` = 'sbxh' AND `django_content_type`.`app_label` = 'Acc'); args=('sbxh', 'Acc')
2017-06-24 21:23:54,446 [MainThread:4320] [django.db.backends:89] [utils:execute] [DEBUG]- (0.001) INSERT INTO `django_content_type` (`app_label`, `model`) VALUES ('Acc', 'sbxh'); args=['Acc', 'sbxh']
2017-06-24 21:23:54,454 [MainThread:4320] [django.db.backends:89] [utils:execute] [DEBUG]- (0.002) SELECT `auth_permission`.`content_type_id`, `auth_permission`.`codename` FROM `auth_permission` INNER JOIN `django_content_type` ON (`auth_permission`.`content_type_id` = `django_content_type`.`id`) WHERE `auth_permission`.`content_type_id` IN (8, 9, 10, 6, 7) ORDER BY `django_content_type`.`app_label` ASC, `django_content_type`.`model` ASC, `auth_permission`.`codename` ASC; args=(8, 9, 10, 6, 7)
2017-06-24 21:23:54,461 [MainThread:4320] [django.db.backends:89] [utils:execute] [DEBUG]- (0.001) INSERT INTO `auth_permission` (`name`, `content_type_id`, `codename`) VALUES ('Can add user', 6, 'add_user'), ('Can change user', 6, 'change_user'), ('Can delete user', 6, 'delete_user'), ('Can add 医院名称', 7, 'add_yyxx'), ('Can change 医院名称', 7, 'change_yyxx'), ('Can delete 医院名称', 7, 'delete_yyxx'), ('Can add 医院名称', 8, 'add_rzxx'), ('Can change 医院名称', 8, 'change_rzxx'), ('Can delete 医院名称', 8, 'delete_rzxx'), ('Can add 厂家名称', 9, 'add_sbcj'), ('Can change 厂家名称', 9, 'change_sbcj'), ('Can delete 厂家名称', 9, 'delete_sbcj'), ('Can add 设备型号', 10, 'add_sbxh'), ('Can change 设备型号', 10, 'change_sbxh'), ('Can delete 设备型号', 10, 'delete_sbxh'); args=(u'Can add user', 6, u'add_user', u'Can change user', 6, u'change_user', u'Can delete user', 6, u'delete_user', u'Can add \u533b\u9662\u540d\u79f0', 7, u'add_yyxx', u'Can change \u533b\u9662\u540d\u79f0', 7, u'change_yyxx', u'Can delete \u533b\u9662\u540d\u79f0', 7, u'delete_yyxx', u'Can add \u533b\u9662\u540d\u79f0', 8, u'add_rzxx', u'Can change \u533b\u9662\u540d\u79f0', 8, u'change_rzxx', u'Can delete \u533b\u9662\u540d\u79f0', 8, u'delete_rzxx', u'Can add \u5382\u5bb6\u540d\u79f0', 9, u'add_sbcj', u'Can change \u5382\u5bb6\u540d\u79f0', 9, u'change_sbcj', u'Can delete \u5382\u5bb6\u540d\u79f0', 9, u'delete_sbcj', u'Can add \u8bbe\u5907\u578b\u53f7', 10, u'add_sbxh', u'Can change \u8bbe\u5907\u578b\u53f7', 10, u'change_sbxh', u'Can delete \u8bbe\u5907\u578b\u53f7', 10, u'delete_sbxh')
2017-06-24 21:23:54,470 [MainThread:4320] [django.db.backends:89] [utils:execute] [DEBUG]- (0.001) SELECT `django_content_type`.`id`, `django_content_type`.`app_label`, `django_content_type`.`model` FROM `django_content_type` WHERE `django_content_type`.`app_label` = 'Acc'; args=('Acc',)
2017-06-24 21:38:44,674 [MainThread:8616] [django.db.backends.schema:101] [schema:execute] [DEBUG]- CREATE TABLE `django_migrations` (`id` integer AUTO_INCREMENT NOT NULL PRIMARY KEY, `app` varchar(255) NOT NULL, `name` varchar(255) NOT NULL, `applied` datetime(6) NOT NULL); (params None)
2017-06-24 21:38:44,740 [MainThread:8616] [django.db.backends.schema:101] [schema:execute] [DEBUG]- CREATE TABLE `django_content_type` (`id` integer AUTO_INCREMENT NOT NULL PRIMARY KEY, `name` varchar(100) NOT NULL, `app_label` varchar(100) NOT NULL, `model` varchar(100) NOT NULL); (params None)
2017-06-24 21:38:44,799 [MainThread:8616] [django.db.backends.schema:101] [schema:execute] [DEBUG]- ALTER TABLE `django_content_type` ADD CONSTRAINT `django_content_type_app_label_76bd3d3b_uniq` UNIQUE (`app_label`, `model`); (params [])
2017-06-24 21:38:44,842 [MainThread:8616] [django.db.backends.schema:101] [schema:execute] [DEBUG]- ALTER TABLE `django_content_type` MODIFY `name` varchar(100) NULL; (params [])
2017-06-24 21:38:44,999 [MainThread:8616] [django.db.backends.schema:101] [schema:execute] [DEBUG]- ALTER TABLE `django_content_type` DROP COLUMN `name` CASCADE; (params [])
2017-06-24 21:38:45,171 [MainThread:8616] [django.db.backends.schema:101] [schema:execute] [DEBUG]- CREATE TABLE `auth_permission` (`id` integer AUTO_INCREMENT NOT NULL PRIMARY KEY, `name` varchar(50) NOT NULL, `content_type_id` integer NOT NULL, `codename` varchar(100) NOT NULL); (params None)
2017-06-24 21:38:45,236 [MainThread:8616] [django.db.backends.schema:101] [schema:execute] [DEBUG]- CREATE TABLE `auth_group` (`id` integer AUTO_INCREMENT NOT NULL PRIMARY KEY, `name` varchar(80) NOT NULL UNIQUE); (params None)
2017-06-24 21:38:45,302 [MainThread:8616] [django.db.backends.schema:101] [schema:execute] [DEBUG]- CREATE TABLE `auth_group_permissions` (`id` integer AUTO_INCREMENT NOT NULL PRIMARY KEY, `group_id` integer NOT NULL, `permission_id` integer NOT NULL); (params None)
2017-06-24 21:38:45,368 [MainThread:8616] [django.db.backends.schema:101] [schema:execute] [DEBUG]- ALTER TABLE `auth_permission` ADD CONSTRAINT `auth_permissi_content_type_id_2f476e4b_fk_django_content_type_id` FOREIGN KEY (`content_type_id`) REFERENCES `django_content_type` (`id`); (params [])
2017-06-24 21:38:45,526 [MainThread:8616] [django.db.backends.schema:101] [schema:execute] [DEBUG]- ALTER TABLE `auth_permission` ADD CONSTRAINT `auth_permission_content_type_id_01ab375a_uniq` UNIQUE (`content_type_id`, `codename`); (params [])
2017-06-24 21:38:45,563 [MainThread:8616] [django.db.backends.schema:101] [schema:execute] [DEBUG]- ALTER TABLE `auth_group_permissions` ADD CONSTRAINT `auth_group_permissions_group_id_b120cbf9_fk_auth_group_id` FOREIGN KEY (`group_id`) REFERENCES `auth_group` (`id`); (params [])
2017-06-24 21:38:45,697 [MainThread:8616] [django.db.backends.schema:101] [schema:execute] [DEBUG]- ALTER TABLE `auth_group_permissions` ADD CONSTRAINT `auth_group_permissi_permission_id_84c5c92e_fk_auth_permission_id` FOREIGN KEY (`permission_id`) REFERENCES `auth_permission` (`id`); (params [])
2017-06-24 21:38:45,805 [MainThread:8616] [django.db.backends.schema:101] [schema:execute] [DEBUG]- ALTER TABLE `auth_group_permissions` ADD CONSTRAINT `auth_group_permissions_group_id_0cd325b0_uniq` UNIQUE (`group_id`, `permission_id`); (params [])
2017-06-24 21:38:45,855 [MainThread:8616] [django.db.backends.schema:101] [schema:execute] [DEBUG]- ALTER TABLE `auth_permission` MODIFY `name` varchar(255) NOT NULL; (params [])
2017-06-24 21:38:46,118 [MainThread:8616] [django.db.backends.schema:101] [schema:execute] [DEBUG]- CREATE TABLE `Acc_user` (`id` integer AUTO_INCREMENT NOT NULL PRIMARY KEY, `password` varchar(128) NOT NULL, `last_login` datetime(6) NULL, `is_superuser` bool NOT NULL, `username` varchar(30) NOT NULL UNIQUE, `first_name` varchar(30) NOT NULL, `last_name` varchar(30) NOT NULL, `email` varchar(254) NOT NULL, `is_staff` bool NOT NULL, `is_active` bool NOT NULL, `date_joined` datetime(6) NOT NULL, `avatar` varchar(200) NOT NULL, `qq` varchar(20) NULL, `mobil` varchar(11) NULL UNIQUE); (params None)
2017-06-24 21:38:46,190 [MainThread:8616] [django.db.backends.schema:101] [schema:execute] [DEBUG]- CREATE TABLE `Acc_user_groups` (`id` integer AUTO_INCREMENT NOT NULL PRIMARY KEY, `user_id` integer NOT NULL, `group_id` integer NOT NULL); (params None)
2017-06-24 21:38:46,243 [MainThread:8616] [django.db.backends.schema:101] [schema:execute] [DEBUG]- CREATE TABLE `Acc_user_user_permissions` (`id` integer AUTO_INCREMENT NOT NULL PRIMARY KEY, `user_id` integer NOT NULL, `permission_id` integer NOT NULL); (params None)
2017-06-24 21:38:46,299 [MainThread:8616] [django.db.backends.schema:101] [schema:execute] [DEBUG]- ALTER TABLE `Acc_user_groups` ADD CONSTRAINT `Acc_user_groups_user_id_10326ec9_fk_Acc_user_id` FOREIGN KEY (`user_id`) REFERENCES `Acc_user` (`id`); (params [])
2017-06-24 21:38:46,448 [MainThread:8616] [django.db.backends.schema:101] [schema:execute] [DEBUG]- ALTER TABLE `Acc_user_groups` ADD CONSTRAINT `Acc_user_groups_group_id_30c693ee_fk_auth_group_id` FOREIGN KEY (`group_id`) REFERENCES `auth_group` (`id`); (params [])
2017-06-24 21:38:46,621 [MainThread:8616] [django.db.backends.schema:101] [schema:execute] [DEBUG]- ALTER TABLE `Acc_user_groups` ADD CONSTRAINT `Acc_user_groups_user_id_e48ea027_uniq` UNIQUE (`user_id`, `group_id`); (params [])
2017-06-24 21:38:46,655 [MainThread:8616] [django.db.backends.schema:101] [schema:execute] [DEBUG]- ALTER TABLE `Acc_user_user_permissions` ADD CONSTRAINT `Acc_user_user_permissions_user_id_11a19525_fk_Acc_user_id` FOREIGN KEY (`user_id`) REFERENCES `Acc_user` (`id`); (params [])
2017-06-24 21:38:46,882 [MainThread:8616] [django.db.backends.schema:101] [schema:execute] [DEBUG]- ALTER TABLE `Acc_user_user_permissions` ADD CONSTRAINT `Acc_user_user_permi_permission_id_ac6be949_fk_auth_permission_id` FOREIGN KEY (`permission_id`) REFERENCES `auth_permission` (`id`); (params [])
2017-06-24 21:38:47,049 [MainThread:8616] [django.db.backends.schema:101] [schema:execute] [DEBUG]- ALTER TABLE `Acc_user_user_permissions` ADD CONSTRAINT `Acc_user_user_permissions_user_id_5e5f25c4_uniq` UNIQUE (`user_id`, `permission_id`); (params [])
2017-06-24 21:38:47,134 [MainThread:8616] [django.db.backends.schema:101] [schema:execute] [DEBUG]- CREATE TABLE `Acc_rzxx` (`id` integer AUTO_INCREMENT NOT NULL PRIMARY KEY, `sbcj` varchar(50) NOT NULL, `sbxh` varchar(50) NOT NULL, `rzsj` datetime(6) NOT NULL); (params None)
2017-06-24 21:38:47,226 [MainThread:8616] [django.db.backends.schema:101] [schema:execute] [DEBUG]- CREATE TABLE `Acc_sbcj` (`id` integer AUTO_INCREMENT NOT NULL PRIMARY KEY, `cjmc` varchar(50) NOT NULL, `szdq` varchar(50) NOT NULL); (params None)
2017-06-24 21:38:47,315 [MainThread:8616] [django.db.backends.schema:101] [schema:execute] [DEBUG]- CREATE TABLE `Acc_sbxh` (`id` integer AUTO_INCREMENT NOT NULL PRIMARY KEY, `sbxh` varchar(50) NOT NULL, `leix` varchar(50) NOT NULL); (params None)
2017-06-24 21:38:47,418 [MainThread:8616] [django.db.backends.schema:101] [schema:execute] [DEBUG]- CREATE TABLE `Acc_yyxx` (`id` integer AUTO_INCREMENT NOT NULL PRIMARY KEY, `yymc` varchar(50) NOT NULL, `shengf` varchar(50) NOT NULL, `dengj` varchar(50) NOT NULL); (params None)
2017-06-24 21:38:47,520 [MainThread:8616] [django.db.backends.schema:101] [schema:execute] [DEBUG]- ALTER TABLE `Acc_rzxx` ADD COLUMN `yymc_id` integer NOT NULL; (params [])
2017-06-24 21:38:47,693 [MainThread:8616] [django.db.backends.schema:101] [schema:execute] [DEBUG]- ALTER TABLE `Acc_rzxx` ALTER COLUMN `yymc_id` DROP DEFAULT; (params [])
2017-06-24 21:38:47,717 [MainThread:8616] [django.db.backends.schema:101] [schema:execute] [DEBUG]- CREATE INDEX `Acc_rzxx_b5924f64` ON `Acc_rzxx` (`yymc_id`); (params [])
2017-06-24 21:38:47,750 [MainThread:8616] [django.db.backends.schema:101] [schema:execute] [DEBUG]- ALTER TABLE `Acc_rzxx` ADD CONSTRAINT `Acc_rzxx_yymc_id_1c346f80_fk_Acc_yyxx_id` FOREIGN KEY (`yymc_id`) REFERENCES `Acc_yyxx` (`id`); (params [])
2017-06-24 21:38:47,944 [MainThread:8616] [django.db.backends.schema:101] [schema:execute] [DEBUG]- CREATE TABLE `django_admin_log` (`id` integer AUTO_INCREMENT NOT NULL PRIMARY KEY, `action_time` datetime(6) NOT NULL, `object_id` longtext NULL, `object_repr` varchar(200) NOT NULL, `action_flag` smallint UNSIGNED NOT NULL, `change_message` longtext NOT NULL, `content_type_id` integer NULL, `user_id` integer NOT NULL); (params None)
2017-06-24 21:38:48,006 [MainThread:8616] [django.db.backends.schema:101] [schema:execute] [DEBUG]- ALTER TABLE `django_admin_log` ADD CONSTRAINT `django_admin__content_type_id_c4bce8eb_fk_django_content_type_id` FOREIGN KEY (`content_type_id`) REFERENCES `django_content_type` (`id`); (params [])
2017-06-24 21:38:48,196 [MainThread:8616] [django.db.backends.schema:101] [schema:execute] [DEBUG]- ALTER TABLE `django_admin_log` ADD CONSTRAINT `django_admin_log_user_id_c564eba6_fk_Acc_user_id` FOREIGN KEY (`user_id`) REFERENCES `Acc_user` (`id`); (params [])
2017-06-24 21:38:48,355 [MainThread:8616] [django.db.backends.schema:101] [schema:execute] [DEBUG]- ALTER TABLE `django_admin_log` ALTER COLUMN `action_time` SET DEFAULT %s; (params [u'2017-06-24 13:38:48.355000'])
2017-06-24 21:38:48,372 [MainThread:8616] [django.db.backends.schema:101] [schema:execute] [DEBUG]- ALTER TABLE `django_admin_log` ALTER COLUMN `action_time` DROP DEFAULT; (params [])
2017-06-24 21:38:48,404 [MainThread:8616] [django.db.backends.schema:101] [schema:execute] [DEBUG]- CREATE TABLE `django_session` (`session_key` varchar(40) NOT NULL PRIMARY KEY, `session_data` longtext NOT NULL, `expire_date` datetime(6) NOT NULL); (params None)
2017-06-24 21:38:48,457 [MainThread:8616] [django.db.backends.schema:101] [schema:execute] [DEBUG]- CREATE INDEX `django_session_de54fa62` ON `django_session` (`expire_date`); (params [])
2017-06-24 21:42:07,276 [MainThread:9732] [django.db.backends.schema:101] [schema:execute] [DEBUG]- CREATE TABLE `django_migrations` (`id` integer AUTO_INCREMENT NOT NULL PRIMARY KEY, `app` varchar(255) NOT NULL, `name` varchar(255) NOT NULL, `applied` datetime(6) NOT NULL); (params None)
2017-06-24 21:42:07,349 [MainThread:9732] [django.db.backends.schema:101] [schema:execute] [DEBUG]- CREATE TABLE `django_content_type` (`id` integer AUTO_INCREMENT NOT NULL PRIMARY KEY, `name` varchar(100) NOT NULL, `app_label` varchar(100) NOT NULL, `model` varchar(100) NOT NULL); (params None)
2017-06-24 21:42:07,413 [MainThread:9732] [django.db.backends.schema:101] [schema:execute] [DEBUG]- ALTER TABLE `django_content_type` ADD CONSTRAINT `django_content_type_app_label_76bd3d3b_uniq` UNIQUE (`app_label`, `model`); (params [])
2017-06-24 21:42:07,463 [MainThread:9732] [django.db.backends.schema:101] [schema:execute] [DEBUG]- ALTER TABLE `django_content_type` MODIFY `name` varchar(100) NULL; (params [])
2017-06-24 21:42:07,598 [MainThread:9732] [django.db.backends.schema:101] [schema:execute] [DEBUG]- ALTER TABLE `django_content_type` DROP COLUMN `name` CASCADE; (params [])
2017-06-24 21:42:07,710 [MainThread:9732] [django.db.backends.schema:101] [schema:execute] [DEBUG]- CREATE TABLE `auth_permission` (`id` integer AUTO_INCREMENT NOT NULL PRIMARY KEY, `name` varchar(50) NOT NULL, `content_type_id` integer NOT NULL, `codename` varchar(100) NOT NULL); (params None)
2017-06-24 21:42:07,786 [MainThread:9732] [django.db.backends.schema:101] [schema:execute] [DEBUG]- CREATE TABLE `auth_group` (`id` integer AUTO_INCREMENT NOT NULL PRIMARY KEY, `name` varchar(80) NOT NULL UNIQUE); (params None)
2017-06-24 21:42:07,855 [MainThread:9732] [django.db.backends.schema:101] [schema:execute] [DEBUG]- CREATE TABLE `auth_group_permissions` (`id` integer AUTO_INCREMENT NOT NULL PRIMARY KEY, `group_id` integer NOT NULL, `permission_id` integer NOT NULL); (params None)
2017-06-24 21:42:07,931 [MainThread:9732] [django.db.backends.schema:101] [schema:execute] [DEBUG]- ALTER TABLE `auth_permission` ADD CONSTRAINT `auth_permissi_content_type_id_2f476e4b_fk_django_content_type_id` FOREIGN KEY (`content_type_id`) REFERENCES `django_content_type` (`id`); (params [])
2017-06-24 21:42:08,105 [MainThread:9732] [django.db.backends.schema:101] [schema:execute] [DEBUG]- ALTER TABLE `auth_permission` ADD CONSTRAINT `auth_permission_content_type_id_01ab375a_uniq` UNIQUE (`content_type_id`, `codename`); (params [])
2017-06-24 21:42:08,135 [MainThread:9732] [django.db.backends.schema:101] [schema:execute] [DEBUG]- ALTER TABLE `auth_group_permissions` ADD CONSTRAINT `auth_group_permissions_group_id_b120cbf9_fk_auth_group_id` FOREIGN KEY (`group_id`) REFERENCES `auth_group` (`id`); (params [])
2017-06-24 21:42:08,331 [MainThread:9732] [django.db.backends.schema:101] [schema:execute] [DEBUG]- ALTER TABLE `auth_group_permissions` ADD CONSTRAINT `auth_group_permissi_permission_id_84c5c92e_fk_auth_permission_id` FOREIGN KEY (`permission_id`) REFERENCES `auth_permission` (`id`); (params [])
2017-06-24 21:42:08,433 [MainThread:9732] [django.db.backends.schema:101] [schema:execute] [DEBUG]- ALTER TABLE `auth_group_permissions` ADD CONSTRAINT `auth_group_permissions_group_id_0cd325b0_uniq` UNIQUE (`group_id`, `permission_id`); (params [])
2017-06-24 21:42:08,492 [MainThread:9732] [django.db.backends.schema:101] [schema:execute] [DEBUG]- ALTER TABLE `auth_permission` MODIFY `name` varchar(255) NOT NULL; (params [])
2017-06-24 21:42:08,726 [MainThread:9732] [django.db.backends.schema:101] [schema:execute] [DEBUG]- CREATE TABLE `Acc_user` (`id` integer AUTO_INCREMENT NOT NULL PRIMARY KEY, `password` varchar(128) NOT NULL, `last_login` datetime(6) NULL, `is_superuser` bool NOT NULL, `username` varchar(30) NOT NULL UNIQUE, `first_name` varchar(30) NOT NULL, `last_name` varchar(30) NOT NULL, `email` varchar(254) NOT NULL, `is_staff` bool NOT NULL, `is_active` bool NOT NULL, `date_joined` datetime(6) NOT NULL, `avatar` varchar(200) NOT NULL, `qq` varchar(20) NULL, `mobil` varchar(11) NULL UNIQUE); (params None)
2017-06-24 21:42:08,789 [MainThread:9732] [django.db.backends.schema:101] [schema:execute] [DEBUG]- CREATE TABLE `Acc_user_groups` (`id` integer AUTO_INCREMENT NOT NULL PRIMARY KEY, `user_id` integer NOT NULL, `group_id` integer NOT NULL); (params None)
2017-06-24 21:42:08,861 [MainThread:9732] [django.db.backends.schema:101] [schema:execute] [DEBUG]- CREATE TABLE `Acc_user_user_permissions` (`id` integer AUTO_INCREMENT NOT NULL PRIMARY KEY, `user_id` integer NOT NULL, `permission_id` integer NOT NULL); (params None)
2017-06-24 21:42:08,927 [MainThread:9732] [django.db.backends.schema:101] [schema:execute] [DEBUG]- ALTER TABLE `Acc_user_groups` ADD CONSTRAINT `Acc_user_groups_user_id_10326ec9_fk_Acc_user_id` FOREIGN KEY (`user_id`) REFERENCES `Acc_user` (`id`); (params [])
2017-06-24 21:42:09,082 [MainThread:9732] [django.db.backends.schema:101] [schema:execute] [DEBUG]- ALTER TABLE `Acc_user_groups` ADD CONSTRAINT `Acc_user_groups_group_id_30c693ee_fk_auth_group_id` FOREIGN KEY (`group_id`) REFERENCES `auth_group` (`id`); (params [])
2017-06-24 21:42:09,209 [MainThread:9732] [django.db.backends.schema:101] [schema:execute] [DEBUG]- ALTER TABLE `Acc_user_groups` ADD CONSTRAINT `Acc_user_groups_user_id_e48ea027_uniq` UNIQUE (`user_id`, `group_id`); (params [])
2017-06-24 21:42:09,319 [MainThread:9732] [django.db.backends.schema:101] [schema:execute] [DEBUG]- ALTER TABLE `Acc_user_user_permissions` ADD CONSTRAINT `Acc_user_user_permissions_user_id_11a19525_fk_Acc_user_id` FOREIGN KEY (`user_id`) REFERENCES `Acc_user` (`id`); (params [])
2017-06-24 21:42:09,483 [MainThread:9732] [django.db.backends.schema:101] [schema:execute] [DEBUG]- ALTER TABLE `Acc_user_user_permissions` ADD CONSTRAINT `Acc_user_user_permi_permission_id_ac6be949_fk_auth_permission_id` FOREIGN KEY (`permission_id`) REFERENCES `auth_permission` (`id`); (params [])
2017-06-24 21:42:09,631 [MainThread:9732] [django.db.backends.schema:101] [schema:execute] [DEBUG]- ALTER TABLE `Acc_user_user_permissions` ADD CONSTRAINT `Acc_user_user_permissions_user_id_5e5f25c4_uniq` UNIQUE (`user_id`, `permission_id`); (params [])
2017-06-24 21:42:09,687 [MainThread:9732] [django.db.backends.schema:101] [schema:execute] [DEBUG]- CREATE TABLE `Acc_rzxx` (`id` integer AUTO_INCREMENT NOT NULL PRIMARY KEY, `sbcj` varchar(50) NOT NULL, `sbxh` varchar(50) NOT NULL, `rzsj` datetime(6) NOT NULL); (params None)
2017-06-24 21:42:09,753 [MainThread:9732] [django.db.backends.schema:101] [schema:execute] [DEBUG]- CREATE TABLE `Acc_sbcj` (`id` integer AUTO_INCREMENT NOT NULL PRIMARY KEY, `cjmc` varchar(50) NOT NULL, `szdq` varchar(50) NOT NULL); (params None)
2017-06-24 21:42:09,818 [MainThread:9732] [django.db.backends.schema:101] [schema:execute] [DEBUG]- CREATE TABLE `Acc_sbxh` (`id` integer AUTO_INCREMENT NOT NULL PRIMARY KEY, `sbxh` varchar(50) NOT NULL, `leix` varchar(50) NOT NULL); (params None)
2017-06-24 21:42:09,888 [MainThread:9732] [django.db.backends.schema:101] [schema:execute] [DEBUG]- CREATE TABLE `Acc_yyxx` (`id` integer AUTO_INCREMENT NOT NULL PRIMARY KEY, `yymc` varchar(50) NOT NULL, `shengf` varchar(50) NOT NULL, `dengj` varchar(50) NOT NULL); (params None)
2017-06-24 21:42:09,969 [MainThread:9732] [django.db.backends.schema:101] [schema:execute] [DEBUG]- ALTER TABLE `Acc_rzxx` ADD COLUMN `yymc_id` integer NOT NULL; (params [])
2017-06-24 21:42:10,076 [MainThread:9732] [django.db.backends.schema:101] [schema:execute] [DEBUG]- ALTER TABLE `Acc_rzxx` ALTER COLUMN `yymc_id` DROP DEFAULT; (params [])
2017-06-24 21:42:10,092 [MainThread:9732] [django.db.backends.schema:101] [schema:execute] [DEBUG]- CREATE INDEX `Acc_rzxx_b5924f64` ON `Acc_rzxx` (`yymc_id`); (params [])
2017-06-24 21:42:10,118 [MainThread:9732] [django.db.backends.schema:101] [schema:execute] [DEBUG]- ALTER TABLE `Acc_rzxx` ADD CONSTRAINT `Acc_rzxx_yymc_id_1c346f80_fk_Acc_yyxx_id` FOREIGN KEY (`yymc_id`) REFERENCES `Acc_yyxx` (`id`); (params [])
2017-06-24 21:42:10,345 [MainThread:9732] [django.db.backends.schema:101] [schema:execute] [DEBUG]- CREATE TABLE `django_admin_log` (`id` integer AUTO_INCREMENT NOT NULL PRIMARY KEY, `action_time` datetime(6) NOT NULL, `object_id` longtext NULL, `object_repr` varchar(200) NOT NULL, `action_flag` smallint UNSIGNED NOT NULL, `change_message` longtext NOT NULL, `content_type_id` integer NULL, `user_id` integer NOT NULL); (params None)
2017-06-24 21:42:10,414 [MainThread:9732] [django.db.backends.schema:101] [schema:execute] [DEBUG]- ALTER TABLE `django_admin_log` ADD CONSTRAINT `django_admin__content_type_id_c4bce8eb_fk_django_content_type_id` FOREIGN KEY (`content_type_id`) REFERENCES `django_content_type` (`id`); (params [])
2017-06-24 21:42:10,575 [MainThread:9732] [django.db.backends.schema:101] [schema:execute] [DEBUG]- ALTER TABLE `django_admin_log` ADD CONSTRAINT `django_admin_log_user_id_c564eba6_fk_Acc_user_id` FOREIGN KEY (`user_id`) REFERENCES `Acc_user` (`id`); (params [])
2017-06-24 21:42:10,734 [MainThread:9732] [django.db.backends.schema:101] [schema:execute] [DEBUG]- ALTER TABLE `django_admin_log` ALTER COLUMN `action_time` SET DEFAULT %s; (params [u'2017-06-24 13:42:10.735000'])
2017-06-24 21:42:10,750 [MainThread:9732] [django.db.backends.schema:101] [schema:execute] [DEBUG]- ALTER TABLE `django_admin_log` ALTER COLUMN `action_time` DROP DEFAULT; (params [])
2017-06-24 21:42:10,779 [MainThread:9732] [django.db.backends.schema:101] [schema:execute] [DEBUG]- CREATE TABLE `django_session` (`session_key` varchar(40) NOT NULL PRIMARY KEY, `session_data` longtext NOT NULL, `expire_date` datetime(6) NOT NULL); (params None)
2017-06-24 21:42:10,854 [MainThread:9732] [django.db.backends.schema:101] [schema:execute] [DEBUG]- CREATE INDEX `django_session_de54fa62` ON `django_session` (`expire_date`); (params [])
2017-06-24 21:42:40,729 [MainThread:2132] [django.db.backends.schema:101] [schema:execute] [DEBUG]- CREATE TABLE `django_migrations` (`id` integer AUTO_INCREMENT NOT NULL PRIMARY KEY, `app` varchar(255) NOT NULL, `name` varchar(255) NOT NULL, `applied` datetime(6) NOT NULL); (params None)
2017-06-24 21:42:40,802 [MainThread:2132] [django.db.backends.schema:101] [schema:execute] [DEBUG]- CREATE TABLE `django_content_type` (`id` integer AUTO_INCREMENT NOT NULL PRIMARY KEY, `name` varchar(100) NOT NULL, `app_label` varchar(100) NOT NULL, `model` varchar(100) NOT NULL); (params None)
2017-06-24 21:42:40,865 [MainThread:2132] [django.db.backends.schema:101] [schema:execute] [DEBUG]- ALTER TABLE `django_content_type` ADD CONSTRAINT `django_content_type_app_label_76bd3d3b_uniq` UNIQUE (`app_label`, `model`); (params [])
2017-06-24 21:42:40,914 [MainThread:2132] [django.db.backends.schema:101] [schema:execute] [DEBUG]- ALTER TABLE `django_content_type` MODIFY `name` varchar(100) NULL; (params [])
2017-06-24 21:42:41,039 [MainThread:2132] [django.db.backends.schema:101] [schema:execute] [DEBUG]- ALTER TABLE `django_content_type` DROP COLUMN `name` CASCADE; (params [])
2017-06-24 21:42:41,167 [MainThread:2132] [django.db.backends.schema:101] [schema:execute] [DEBUG]- CREATE TABLE `auth_permission` (`id` integer AUTO_INCREMENT NOT NULL PRIMARY KEY, `name` varchar(50) NOT NULL, `content_type_id` integer NOT NULL, `codename` varchar(100) NOT NULL); (params None)
2017-06-24 21:42:41,232 [MainThread:2132] [django.db.backends.schema:101] [schema:execute] [DEBUG]- CREATE TABLE `auth_group` (`id` integer AUTO_INCREMENT NOT NULL PRIMARY KEY, `name` varchar(80) NOT NULL UNIQUE); (params None)
2017-06-24 21:42:41,306 [MainThread:2132] [django.db.backends.schema:101] [schema:execute] [DEBUG]- CREATE TABLE `auth_group_permissions` (`id` integer AUTO_INCREMENT NOT NULL PRIMARY KEY, `group_id` integer NOT NULL, `permission_id` integer NOT NULL); (params None)
2017-06-24 21:42:41,404 [MainThread:2132] [django.db.backends.schema:101] [schema:execute] [DEBUG]- ALTER TABLE `auth_permission` ADD CONSTRAINT `auth_permissi_content_type_id_2f476e4b_fk_django_content_type_id` FOREIGN KEY (`content_type_id`) REFERENCES `django_content_type` (`id`); (params [])
2017-06-24 21:42:41,529 [MainThread:2132] [django.db.backends.schema:101] [schema:execute] [DEBUG]- ALTER TABLE `auth_permission` ADD CONSTRAINT `auth_permission_content_type_id_01ab375a_uniq` UNIQUE (`content_type_id`, `codename`); (params [])
2017-06-24 21:42:41,579 [MainThread:2132] [django.db.backends.schema:101] [schema:execute] [DEBUG]- ALTER TABLE `auth_group_permissions` ADD CONSTRAINT `auth_group_permissions_group_id_b120cbf9_fk_auth_group_id` FOREIGN KEY (`group_id`) REFERENCES `auth_group` (`id`); (params [])
2017-06-24 21:42:41,759 [MainThread:2132] [django.db.backends.schema:101] [schema:execute] [DEBUG]- ALTER TABLE `auth_group_permissions` ADD CONSTRAINT `auth_group_permissi_permission_id_84c5c92e_fk_auth_permission_id` FOREIGN KEY (`permission_id`) REFERENCES `auth_permission` (`id`); (params [])
2017-06-24 21:42:41,890 [MainThread:2132] [django.db.backends.schema:101] [schema:execute] [DEBUG]- ALTER TABLE `auth_group_permissions` ADD CONSTRAINT `auth_group_permissions_group_id_0cd325b0_uniq` UNIQUE (`group_id`, `permission_id`); (params [])
2017-06-24 21:42:41,938 [MainThread:2132] [django.db.backends.schema:101] [schema:execute] [DEBUG]- ALTER TABLE `auth_permission` MODIFY `name` varchar(255) NOT NULL; (params [])
2017-06-24 21:42:42,167 [MainThread:2132] [django.db.backends.schema:101] [schema:execute] [DEBUG]- CREATE TABLE `Acc_user` (`id` integer AUTO_INCREMENT NOT NULL PRIMARY KEY, `password` varchar(128) NOT NULL, `last_login` datetime(6) NULL, `is_superuser` bool NOT NULL, `username` varchar(30) NOT NULL UNIQUE, `first_name` varchar(30) NOT NULL, `last_name` varchar(30) NOT NULL, `email` varchar(254) NOT NULL, `is_staff` bool NOT NULL, `is_active` bool NOT NULL, `date_joined` datetime(6) NOT NULL, `avatar` varchar(200) NOT NULL, `qq` varchar(20) NULL, `mobil` varchar(11) NULL UNIQUE); (params None)
2017-06-24 21:42:42,240 [MainThread:2132] [django.db.backends.schema:101] [schema:execute] [DEBUG]- CREATE TABLE `Acc_user_groups` (`id` integer AUTO_INCREMENT NOT NULL PRIMARY KEY, `user_id` integer NOT NULL, `group_id` integer NOT NULL); (params None)
2017-06-24 21:42:42,332 [MainThread:2132] [django.db.backends.schema:101] [schema:execute] [DEBUG]- CREATE TABLE `Acc_user_user_permissions` (`id` integer AUTO_INCREMENT NOT NULL PRIMARY KEY, `user_id` integer NOT NULL, `permission_id` integer NOT NULL); (params None)
2017-06-24 21:42:42,381 [MainThread:2132] [django.db.backends.schema:101] [schema:execute] [DEBUG]- ALTER TABLE `Acc_user_groups` ADD CONSTRAINT `Acc_user_groups_user_id_10326ec9_fk_Acc_user_id` FOREIGN KEY (`user_id`) REFERENCES `Acc_user` (`id`); (params [])
2017-06-24 21:42:42,894 [MainThread:2132] [django.db.backends.schema:101] [schema:execute] [DEBUG]- ALTER TABLE `Acc_user_groups` ADD CONSTRAINT `Acc_user_groups_group_id_30c693ee_fk_auth_group_id` FOREIGN KEY (`group_id`) REFERENCES `auth_group` (`id`); (params [])
2017-06-24 21:42:43,088 [MainThread:2132] [django.db.backends.schema:101] [schema:execute] [DEBUG]- ALTER TABLE `Acc_user_groups` ADD CONSTRAINT `Acc_user_groups_user_id_e48ea027_uniq` UNIQUE (`user_id`, `group_id`); (params [])
2017-06-24 21:42:43,137 [MainThread:2132] [django.db.backends.schema:101] [schema:execute] [DEBUG]- ALTER TABLE `Acc_user_user_permissions` ADD CONSTRAINT `Acc_user_user_permissions_user_id_11a19525_fk_Acc_user_id` FOREIGN KEY (`user_id`) REFERENCES `Acc_user` (`id`); (params [])
2017-06-24 21:42:43,519 [MainThread:2132] [django.db.backends.schema:101] [schema:execute] [DEBUG]- ALTER TABLE `Acc_user_user_permissions` ADD CONSTRAINT `Acc_user_user_permi_permission_id_ac6be949_fk_auth_permission_id` FOREIGN KEY (`permission_id`) REFERENCES `auth_permission` (`id`); (params [])
2017-06-24 21:42:43,697 [MainThread:2132] [django.db.backends.schema:101] [schema:execute] [DEBUG]- ALTER TABLE `Acc_user_user_permissions` ADD CONSTRAINT `Acc_user_user_permissions_user_id_5e5f25c4_uniq` UNIQUE (`user_id`, `permission_id`); (params [])
2017-06-24 21:42:43,760 [MainThread:2132] [django.db.backends.schema:101] [schema:execute] [DEBUG]- CREATE TABLE `Acc_rzxx` (`id` integer AUTO_INCREMENT NOT NULL PRIMARY KEY, `sbcj` varchar(50) NOT NULL, `sbxh` varchar(50) NOT NULL, `rzsj` datetime(6) NOT NULL); (params None)
2017-06-24 21:42:43,851 [MainThread:2132] [django.db.backends.schema:101] [schema:execute] [DEBUG]- CREATE TABLE `Acc_sbcj` (`id` integer AUTO_INCREMENT NOT NULL PRIMARY KEY, `cjmc` varchar(50) NOT NULL, `szdq` varchar(50) NOT NULL); (params None)
2017-06-24 21:42:43,926 [MainThread:2132] [django.db.backends.schema:101] [schema:execute] [DEBUG]- CREATE TABLE `Acc_sbxh` (`id` integer AUTO_INCREMENT NOT NULL PRIMARY KEY, `sbxh` varchar(50) NOT NULL, `leix` varchar(50) NOT NULL); (params None)
2017-06-24 21:42:44,005 [MainThread:2132] [django.db.backends.schema:101] [schema:execute] [DEBUG]- CREATE TABLE `Acc_yyxx` (`id` integer AUTO_INCREMENT NOT NULL PRIMARY KEY, `yymc` varchar(50) NOT NULL, `shengf` varchar(50) NOT NULL, `dengj` varchar(50) NOT NULL); (params None)
2017-06-24 21:42:44,066 [MainThread:2132] [django.db.backends.schema:101] [schema:execute] [DEBUG]- ALTER TABLE `Acc_rzxx` ADD COLUMN `yymc_id` integer NOT NULL; (params [])
2017-06-24 21:42:44,200 [MainThread:2132] [django.db.backends.schema:101] [schema:execute] [DEBUG]- ALTER TABLE `Acc_rzxx` ALTER COLUMN `yymc_id` DROP DEFAULT; (params [])
2017-06-24 21:42:44,223 [MainThread:2132] [django.db.backends.schema:101] [schema:execute] [DEBUG]- CREATE INDEX `Acc_rzxx_b5924f64` ON `Acc_rzxx` (`yymc_id`); (params [])
2017-06-24 21:42:44,250 [MainThread:2132] [django.db.backends.schema:101] [schema:execute] [DEBUG]- ALTER TABLE `Acc_rzxx` ADD CONSTRAINT `Acc_rzxx_yymc_id_1c346f80_fk_Acc_yyxx_id` FOREIGN KEY (`yymc_id`) REFERENCES `Acc_yyxx` (`id`); (params [])
2017-06-24 21:42:44,454 [MainThread:2132] [django.db.backends.schema:101] [schema:execute] [DEBUG]- CREATE TABLE `django_admin_log` (`id` integer AUTO_INCREMENT NOT NULL PRIMARY KEY, `action_time` datetime(6) NOT NULL, `object_id` longtext NULL, `object_repr` varchar(200) NOT NULL, `action_flag` smallint UNSIGNED NOT NULL, `change_message` longtext NOT NULL, `content_type_id` integer NULL, `user_id` integer NOT NULL); (params None)
2017-06-24 21:42:44,539 [MainThread:2132] [django.db.backends.schema:101] [schema:execute] [DEBUG]- ALTER TABLE `django_admin_log` ADD CONSTRAINT `django_admin__content_type_id_c4bce8eb_fk_django_content_type_id` FOREIGN KEY (`content_type_id`) REFERENCES `django_content_type` (`id`); (params [])
2017-06-24 21:42:44,732 [MainThread:2132] [django.db.backends.schema:101] [schema:execute] [DEBUG]- ALTER TABLE `django_admin_log` ADD CONSTRAINT `django_admin_log_user_id_c564eba6_fk_Acc_user_id` FOREIGN KEY (`user_id`) REFERENCES `Acc_user` (`id`); (params [])
2017-06-24 21:42:44,888 [MainThread:2132] [django.db.backends.schema:101] [schema:execute] [DEBUG]- ALTER TABLE `django_admin_log` ALTER COLUMN `action_time` SET DEFAULT %s; (params [u'2017-06-24 13:42:44.889000'])
2017-06-24 21:42:44,905 [MainThread:2132] [django.db.backends.schema:101] [schema:execute] [DEBUG]- ALTER TABLE `django_admin_log` ALTER COLUMN `action_time` DROP DEFAULT; (params [])
2017-06-24 21:42:44,931 [MainThread:2132] [django.db.backends.schema:101] [schema:execute] [DEBUG]- CREATE TABLE `django_session` (`session_key` varchar(40) NOT NULL PRIMARY KEY, `session_data` longtext NOT NULL, `expire_date` datetime(6) NOT NULL); (params None)
2017-06-24 21:42:45,000 [MainThread:2132] [django.db.backends.schema:101] [schema:execute] [DEBUG]- CREATE INDEX `django_session_de54fa62` ON `django_session` (`expire_date`); (params [])
2017-06-24 21:43:00,292 [MainThread:4656] [django.db.backends.schema:101] [schema:execute] [DEBUG]- CREATE TABLE `django_migrations` (`id` integer AUTO_INCREMENT NOT NULL PRIMARY KEY, `app` varchar(255) NOT NULL, `name` varchar(255) NOT NULL, `applied` datetime(6) NOT NULL); (params None)
2017-06-24 21:43:00,434 [MainThread:4656] [django.db.backends.schema:101] [schema:execute] [DEBUG]- CREATE TABLE `django_content_type` (`id` integer AUTO_INCREMENT NOT NULL PRIMARY KEY, `name` varchar(100) NOT NULL, `app_label` varchar(100) NOT NULL, `model` varchar(100) NOT NULL); (params None)
2017-06-24 21:43:00,502 [MainThread:4656] [django.db.backends.schema:101] [schema:execute] [DEBUG]- ALTER TABLE `django_content_type` ADD CONSTRAINT `django_content_type_app_label_76bd3d3b_uniq` UNIQUE (`app_label`, `model`); (params [])
2017-06-24 21:43:00,561 [MainThread:4656] [django.db.backends.schema:101] [schema:execute] [DEBUG]- ALTER TABLE `django_content_type` MODIFY `name` varchar(100) NULL; (params [])
2017-06-24 21:43:00,720 [MainThread:4656] [django.db.backends.schema:101] [schema:execute] [DEBUG]- ALTER TABLE `django_content_type` DROP COLUMN `name` CASCADE; (params [])
2017-06-24 21:43:00,851 [MainThread:4656] [django.db.backends.schema:101] [schema:execute] [DEBUG]- CREATE TABLE `auth_permission` (`id` integer AUTO_INCREMENT NOT NULL PRIMARY KEY, `name` varchar(50) NOT NULL, `content_type_id` integer NOT NULL, `codename` varchar(100) NOT NULL); (params None)
2017-06-24 21:43:00,957 [MainThread:4656] [django.db.backends.schema:101] [schema:execute] [DEBUG]- CREATE TABLE `auth_group` (`id` integer AUTO_INCREMENT NOT NULL PRIMARY KEY, `name` varchar(80) NOT NULL UNIQUE); (params None)
2017-06-24 21:43:01,033 [MainThread:4656] [django.db.backends.schema:101] [schema:execute] [DEBUG]- CREATE TABLE `auth_group_permissions` (`id` integer AUTO_INCREMENT NOT NULL PRIMARY KEY, `group_id` integer NOT NULL, `permission_id` integer NOT NULL); (params None)
2017-06-24 21:43:01,147 [MainThread:4656] [django.db.backends.schema:101] [schema:execute] [DEBUG]- ALTER TABLE `auth_permission` ADD CONSTRAINT `auth_permissi_content_type_id_2f476e4b_fk_django_content_type_id` FOREIGN KEY (`content_type_id`) REFERENCES `django_content_type` (`id`); (params [])
2017-06-24 21:43:01,312 [MainThread:4656] [django.db.backends.schema:101] [schema:execute] [DEBUG]- ALTER TABLE `auth_permission` ADD CONSTRAINT `auth_permission_content_type_id_01ab375a_uniq` UNIQUE (`content_type_id`, `codename`); (params [])
2017-06-24 21:43:01,357 [MainThread:4656] [django.db.backends.schema:101] [schema:execute] [DEBUG]- ALTER TABLE `auth_group_permissions` ADD CONSTRAINT `auth_group_permissions_group_id_b120cbf9_fk_auth_group_id` FOREIGN KEY (`group_id`) REFERENCES `auth_group` (`id`); (params [])
2017-06-24 21:43:01,756 [MainThread:4656] [django.db.backends.schema:101] [schema:execute] [DEBUG]- ALTER TABLE `auth_group_permissions` ADD CONSTRAINT `auth_group_permissi_permission_id_84c5c92e_fk_auth_permission_id` FOREIGN KEY (`permission_id`) REFERENCES `auth_permission` (`id`); (params [])
2017-06-24 21:43:01,915 [MainThread:4656] [django.db.backends.schema:101] [schema:execute] [DEBUG]- ALTER TABLE `auth_group_permissions` ADD CONSTRAINT `auth_group_permissions_group_id_0cd325b0_uniq` UNIQUE (`group_id`, `permission_id`); (params [])
2017-06-24 21:43:02,022 [MainThread:4656] [django.db.backends.schema:101] [schema:execute] [DEBUG]- ALTER TABLE `auth_permission` MODIFY `name` varchar(255) NOT NULL; (params [])
2017-06-24 21:43:02,653 [MainThread:4656] [django.db.backends.schema:101] [schema:execute] [DEBUG]- CREATE TABLE `Acc_user` (`id` integer AUTO_INCREMENT NOT NULL PRIMARY KEY, `password` varchar(128) NOT NULL, `last_login` datetime(6) NULL, `is_superuser` bool NOT NULL, `username` varchar(30) NOT NULL UNIQUE, `first_name` varchar(30) NOT NULL, `last_name` varchar(30) NOT NULL, `email` varchar(254) NOT NULL, `is_staff` bool NOT NULL, `is_active` bool NOT NULL, `date_joined` datetime(6) NOT NULL, `avatar` varchar(200) NOT NULL, `qq` varchar(20) NULL, `mobil` varchar(11) NULL UNIQUE); (params None)
2017-06-24 21:43:02,730 [MainThread:4656] [django.db.backends.schema:101] [schema:execute] [DEBUG]- CREATE TABLE `Acc_user_groups` (`id` integer AUTO_INCREMENT NOT NULL PRIMARY KEY, `user_id` integer NOT NULL, `group_id` integer NOT NULL); (params None)
2017-06-24 21:43:02,826 [MainThread:4656] [django.db.backends.schema:101] [schema:execute] [DEBUG]- CREATE TABLE `Acc_user_user_permissions` (`id` integer AUTO_INCREMENT NOT NULL PRIMARY KEY, `user_id` integer NOT NULL, `permission_id` integer NOT NULL); (params None)
2017-06-24 21:43:02,933 [MainThread:4656] [django.db.backends.schema:101] [schema:execute] [DEBUG]- ALTER TABLE `Acc_user_groups` ADD CONSTRAINT `Acc_user_groups_user_id_10326ec9_fk_Acc_user_id` FOREIGN KEY (`user_id`) REFERENCES `Acc_user` (`id`); (params [])
2017-06-24 21:43:03,203 [MainThread:4656] [django.db.backends.schema:101] [schema:execute] [DEBUG]- ALTER TABLE `Acc_user_groups` ADD CONSTRAINT `Acc_user_groups_group_id_30c693ee_fk_auth_group_id` FOREIGN KEY (`group_id`) REFERENCES `auth_group` (`id`); (params [])
2017-06-24 21:43:03,390 [MainThread:4656] [django.db.backends.schema:101] [schema:execute] [DEBUG]- ALTER TABLE `Acc_user_groups` ADD CONSTRAINT `Acc_user_groups_user_id_e48ea027_uniq` UNIQUE (`user_id`, `group_id`); (params [])
2017-06-24 21:43:03,437 [MainThread:4656] [django.db.backends.schema:101] [schema:execute] [DEBUG]- ALTER TABLE `Acc_user_user_permissions` ADD CONSTRAINT `Acc_user_user_permissions_user_id_11a19525_fk_Acc_user_id` FOREIGN KEY (`user_id`) REFERENCES `Acc_user` (`id`); (params [])
2017-06-24 21:43:03,579 [MainThread:4656] [django.db.backends.schema:101] [schema:execute] [DEBUG]- ALTER TABLE `Acc_user_user_permissions` ADD CONSTRAINT `Acc_user_user_permi_permission_id_ac6be949_fk_auth_permission_id` FOREIGN KEY (`permission_id`) REFERENCES `auth_permission` (`id`); (params [])
2017-06-24 21:43:03,721 [MainThread:4656] [django.db.backends.schema:101] [schema:execute] [DEBUG]- ALTER TABLE `Acc_user_user_permissions` ADD CONSTRAINT `Acc_user_user_permissions_user_id_5e5f25c4_uniq` UNIQUE (`user_id`, `permission_id`); (params [])
2017-06-24 21:43:03,782 [MainThread:4656] [django.db.backends.schema:101] [schema:execute] [DEBUG]- CREATE TABLE `Acc_rzxx` (`id` integer AUTO_INCREMENT NOT NULL PRIMARY KEY, `sbcj` varchar(50) NOT NULL, `sbxh` varchar(50) NOT NULL, `rzsj` datetime(6) NOT NULL); (params None)
2017-06-24 21:43:03,864 [MainThread:4656] [django.db.backends.schema:101] [schema:execute] [DEBUG]- CREATE TABLE `Acc_sbcj` (`id` integer AUTO_INCREMENT NOT NULL PRIMARY KEY, `cjmc` varchar(50) NOT NULL, `szdq` varchar(50) NOT NULL); (params None)
2017-06-24 21:43:03,940 [MainThread:4656] [django.db.backends.schema:101] [schema:execute] [DEBUG]- CREATE TABLE `Acc_sbxh` (`id` integer AUTO_INCREMENT NOT NULL PRIMARY KEY, `sbxh` varchar(50) NOT NULL, `leix` varchar(50) NOT NULL); (params None)
2017-06-24 21:43:04,023 [MainThread:4656] [django.db.backends.schema:101] [schema:execute] [DEBUG]- CREATE TABLE `Acc_yyxx` (`id` integer AUTO_INCREMENT NOT NULL PRIMARY KEY, `yymc` varchar(50) NOT NULL, `shengf` varchar(50) NOT NULL, `dengj` varchar(50) NOT NULL); (params None)
2017-06-24 21:43:04,099 [MainThread:4656] [django.db.backends.schema:101] [schema:execute] [DEBUG]- ALTER TABLE `Acc_rzxx` ADD COLUMN `yymc_id` integer NOT NULL; (params [])
2017-06-24 21:43:04,243 [MainThread:4656] [django.db.backends.schema:101] [schema:execute] [DEBUG]- ALTER TABLE `Acc_rzxx` ALTER COLUMN `yymc_id` DROP DEFAULT; (params [])
2017-06-24 21:43:04,259 [MainThread:4656] [django.db.backends.schema:101] [schema:execute] [DEBUG]- CREATE INDEX `Acc_rzxx_b5924f64` ON `Acc_rzxx` (`yymc_id`); (params [])
2017-06-24 21:43:04,361 [MainThread:4656] [django.db.backends.schema:101] [schema:execute] [DEBUG]- ALTER TABLE `Acc_rzxx` ADD CONSTRAINT `Acc_rzxx_yymc_id_1c346f80_fk_Acc_yyxx_id` FOREIGN KEY (`yymc_id`) REFERENCES `Acc_yyxx` (`id`); (params [])
2017-06-24 21:43:04,585 [MainThread:4656] [django.db.backends.schema:101] [schema:execute] [DEBUG]- CREATE TABLE `django_admin_log` (`id` integer AUTO_INCREMENT NOT NULL PRIMARY KEY, `action_time` datetime(6) NOT NULL, `object_id` longtext NULL, `object_repr` varchar(200) NOT NULL, `action_flag` smallint UNSIGNED NOT NULL, `change_message` longtext NOT NULL, `content_type_id` integer NULL, `user_id` integer NOT NULL); (params None)
2017-06-24 21:43:04,651 [MainThread:4656] [django.db.backends.schema:101] [schema:execute] [DEBUG]- ALTER TABLE `django_admin_log` ADD CONSTRAINT `django_admin__content_type_id_c4bce8eb_fk_django_content_type_id` FOREIGN KEY (`content_type_id`) REFERENCES `django_content_type` (`id`); (params [])
2017-06-24 21:43:04,805 [MainThread:4656] [django.db.backends.schema:101] [schema:execute] [DEBUG]- ALTER TABLE `django_admin_log` ADD CONSTRAINT `django_admin_log_user_id_c564eba6_fk_Acc_user_id` FOREIGN KEY (`user_id`) REFERENCES `Acc_user` (`id`); (params [])
2017-06-24 21:43:05,015 [MainThread:4656] [django.db.backends.schema:101] [schema:execute] [DEBUG]- ALTER TABLE `django_admin_log` ALTER COLUMN `action_time` SET DEFAULT %s; (params [u'2017-06-24 13:43:05.014000'])
2017-06-24 21:43:05,038 [MainThread:4656] [django.db.backends.schema:101] [schema:execute] [DEBUG]- ALTER TABLE `django_admin_log` ALTER COLUMN `action_time` DROP DEFAULT; (params [])
2017-06-24 21:43:05,082 [MainThread:4656] [django.db.backends.schema:101] [schema:execute] [DEBUG]- CREATE TABLE `django_session` (`session_key` varchar(40) NOT NULL PRIMARY KEY, `session_data` longtext NOT NULL, `expire_date` datetime(6) NOT NULL); (params None)
2017-06-24 21:43:05,157 [MainThread:4656] [django.db.backends.schema:101] [schema:execute] [DEBUG]- CREATE INDEX `django_session_de54fa62` ON `django_session` (`expire_date`); (params [])
2017-06-24 21:45:24,638 [MainThread:4760] [django.db.backends.schema:101] [schema:execute] [DEBUG]- CREATE TABLE `django_migrations` (`id` integer AUTO_INCREMENT NOT NULL PRIMARY KEY, `app` varchar(255) NOT NULL, `name` varchar(255) NOT NULL, `applied` datetime(6) NOT NULL); (params None)
2017-06-24 21:45:24,789 [MainThread:4760] [django.db.backends.schema:101] [schema:execute] [DEBUG]- CREATE TABLE `django_content_type` (`id` integer AUTO_INCREMENT NOT NULL PRIMARY KEY, `name` varchar(100) NOT NULL, `app_label` varchar(100) NOT NULL, `model` varchar(100) NOT NULL); (params None)
2017-06-24 21:45:24,941 [MainThread:4760] [django.db.backends.schema:101] [schema:execute] [DEBUG]- ALTER TABLE `django_content_type` ADD CONSTRAINT `django_content_type_app_label_76bd3d3b_uniq` UNIQUE (`app_label`, `model`); (params [])
2017-06-24 21:45:25,026 [MainThread:4760] [django.db.backends.schema:101] [schema:execute] [DEBUG]- ALTER TABLE `django_content_type` MODIFY `name` varchar(100) NULL; (params [])
2017-06-24 21:45:25,338 [MainThread:4760] [django.db.backends.schema:101] [schema:execute] [DEBUG]- ALTER TABLE `django_content_type` DROP COLUMN `name` CASCADE; (params [])
2017-06-24 21:45:25,503 [MainThread:4760] [django.db.backends.schema:101] [schema:execute] [DEBUG]- CREATE TABLE `auth_permission` (`id` integer AUTO_INCREMENT NOT NULL PRIMARY KEY, `name` varchar(50) NOT NULL, `content_type_id` integer NOT NULL, `codename` varchar(100) NOT NULL); (params None)
2017-06-24 21:45:25,598 [MainThread:4760] [django.db.backends.schema:101] [schema:execute] [DEBUG]- CREATE TABLE `auth_group` (`id` integer AUTO_INCREMENT NOT NULL PRIMARY KEY, `name` varchar(80) NOT NULL UNIQUE); (params None)
2017-06-24 21:45:25,664 [MainThread:4760] [django.db.backends.schema:101] [schema:execute] [DEBUG]- CREATE TABLE `auth_group_permissions` (`id` integer AUTO_INCREMENT NOT NULL PRIMARY KEY, `group_id` integer NOT NULL, `permission_id` integer NOT NULL); (params None)
2017-06-24 21:45:25,828 [MainThread:4760] [django.db.backends.schema:101] [schema:execute] [DEBUG]- ALTER TABLE `auth_permission` ADD CONSTRAINT `auth_permissi_content_type_id_2f476e4b_fk_django_content_type_id` FOREIGN KEY (`content_type_id`) REFERENCES `django_content_type` (`id`); (params [])
2017-06-24 21:45:25,999 [MainThread:4760] [django.db.backends.schema:101] [schema:execute] [DEBUG]- ALTER TABLE `auth_permission` ADD CONSTRAINT `auth_permission_content_type_id_01ab375a_uniq` UNIQUE (`content_type_id`, `codename`); (params [])
2017-06-24 21:45:26,038 [MainThread:4760] [django.db.backends.schema:101] [schema:execute] [DEBUG]- ALTER TABLE `auth_group_permissions` ADD CONSTRAINT `auth_group_permissions_group_id_b120cbf9_fk_auth_group_id` FOREIGN KEY (`group_id`) REFERENCES `auth_group` (`id`); (params [])
2017-06-24 21:45:26,252 [MainThread:4760] [django.db.backends.schema:101] [schema:execute] [DEBUG]- ALTER TABLE `auth_group_permissions` ADD CONSTRAINT `auth_group_permissi_permission_id_84c5c92e_fk_auth_permission_id` FOREIGN KEY (`permission_id`) REFERENCES `auth_permission` (`id`); (params [])
2017-06-24 21:45:26,453 [MainThread:4760] [django.db.backends.schema:101] [schema:execute] [DEBUG]- ALTER TABLE `auth_group_permissions` ADD CONSTRAINT `auth_group_permissions_group_id_0cd325b0_uniq` UNIQUE (`group_id`, `permission_id`); (params [])
2017-06-24 21:45:26,573 [MainThread:4760] [django.db.backends.schema:101] [schema:execute] [DEBUG]- ALTER TABLE `auth_permission` MODIFY `name` varchar(255) NOT NULL; (params [])
2017-06-24 21:45:27,007 [MainThread:4760] [django.db.backends.schema:101] [schema:execute] [DEBUG]- CREATE TABLE `Acc_user` (`id` integer AUTO_INCREMENT NOT NULL PRIMARY KEY, `password` varchar(128) NOT NULL, `last_login` datetime(6) NULL, `is_superuser` bool NOT NULL, `username` varchar(30) NOT NULL UNIQUE, `first_name` varchar(30) NOT NULL, `last_name` varchar(30) NOT NULL, `email` varchar(254) NOT NULL, `is_staff` bool NOT NULL, `is_active` bool NOT NULL, `date_joined` datetime(6) NOT NULL, `avatar` varchar(200) NOT NULL, `qq` varchar(20) NULL, `mobil` varchar(11) NULL UNIQUE); (params None)
2017-06-24 21:45:27,092 [MainThread:4760] [django.db.backends.schema:101] [schema:execute] [DEBUG]- CREATE TABLE `Acc_user_groups` (`id` integer AUTO_INCREMENT NOT NULL PRIMARY KEY, `user_id` integer NOT NULL, `group_id` integer NOT NULL); (params None)
2017-06-24 21:45:27,187 [MainThread:4760] [django.db.backends.schema:101] [schema:execute] [DEBUG]- CREATE TABLE `Acc_user_user_permissions` (`id` integer AUTO_INCREMENT NOT NULL PRIMARY KEY, `user_id` integer NOT NULL, `permission_id` integer NOT NULL); (params None)
2017-06-24 21:45:27,266 [MainThread:4760] [django.db.backends.schema:101] [schema:execute] [DEBUG]- ALTER TABLE `Acc_user_groups` ADD CONSTRAINT `Acc_user_groups_user_id_10326ec9_fk_Acc_user_id` FOREIGN KEY (`user_id`) REFERENCES `Acc_user` (`id`); (params [])
2017-06-24 21:45:27,460 [MainThread:4760] [django.db.backends.schema:101] [schema:execute] [DEBUG]- ALTER TABLE `Acc_user_groups` ADD CONSTRAINT `Acc_user_groups_group_id_30c693ee_fk_auth_group_id` FOREIGN KEY (`group_id`) REFERENCES `auth_group` (`id`); (params [])
2017-06-24 21:45:27,608 [MainThread:4760] [django.db.backends.schema:101] [schema:execute] [DEBUG]- ALTER TABLE `Acc_user_groups` ADD CONSTRAINT `Acc_user_groups_user_id_e48ea027_uniq` UNIQUE (`user_id`, `group_id`); (params [])
2017-06-24 21:45:27,651 [MainThread:4760] [django.db.backends.schema:101] [schema:execute] [DEBUG]- ALTER TABLE `Acc_user_user_permissions` ADD CONSTRAINT `Acc_user_user_permissions_user_id_11a19525_fk_Acc_user_id` FOREIGN KEY (`user_id`) REFERENCES `Acc_user` (`id`); (params [])
2017-06-24 21:45:27,796 [MainThread:4760] [django.db.backends.schema:101] [schema:execute] [DEBUG]- ALTER TABLE `Acc_user_user_permissions` ADD CONSTRAINT `Acc_user_user_permi_permission_id_ac6be949_fk_auth_permission_id` FOREIGN KEY (`permission_id`) REFERENCES `auth_permission` (`id`); (params [])
2017-06-24 21:45:27,921 [MainThread:4760] [django.db.backends.schema:101] [schema:execute] [DEBUG]- ALTER TABLE `Acc_user_user_permissions` ADD CONSTRAINT `Acc_user_user_permissions_user_id_5e5f25c4_uniq` UNIQUE (`user_id`, `permission_id`); (params [])
2017-06-24 21:45:27,986 [MainThread:4760] [django.db.backends.schema:101] [schema:execute] [DEBUG]- CREATE TABLE `Acc_rzxx` (`id` integer AUTO_INCREMENT NOT NULL PRIMARY KEY, `sbcj` varchar(50) NOT NULL, `sbxh` varchar(50) NOT NULL, `rzsj` datetime(6) NOT NULL); (params None)
2017-06-24 21:45:28,062 [MainThread:4760] [django.db.backends.schema:101] [schema:execute] [DEBUG]- CREATE TABLE `Acc_sbcj` (`id` integer AUTO_INCREMENT NOT NULL PRIMARY KEY, `cjmc` varchar(50) NOT NULL, `szdq` varchar(50) NOT NULL); (params None)
2017-06-24 21:45:28,141 [MainThread:4760] [django.db.backends.schema:101] [schema:execute] [DEBUG]- CREATE TABLE `Acc_sbxh` (`id` integer AUTO_INCREMENT NOT NULL PRIMARY KEY, `sbxh` varchar(50) NOT NULL, `leix` varchar(50) NOT NULL); (params None)
2017-06-24 21:45:28,220 [MainThread:4760] [django.db.backends.schema:101] [schema:execute] [DEBUG]- CREATE TABLE `Acc_yyxx` (`id` integer AUTO_INCREMENT NOT NULL PRIMARY KEY, `yymc` varchar(50) NOT NULL, `shengf` varchar(50) NOT NULL, `dengj` varchar(50) NOT NULL); (params None)
2017-06-24 21:45:28,299 [MainThread:4760] [django.db.backends.schema:101] [schema:execute] [DEBUG]- ALTER TABLE `Acc_rzxx` ADD COLUMN `yymc_id` integer NOT NULL; (params [])
2017-06-24 21:45:28,430 [MainThread:4760] [django.db.backends.schema:101] [schema:execute] [DEBUG]- ALTER TABLE `Acc_rzxx` ALTER COLUMN `yymc_id` DROP DEFAULT; (params [])
2017-06-24 21:45:28,447 [MainThread:4760] [django.db.backends.schema:101] [schema:execute] [DEBUG]- CREATE INDEX `Acc_rzxx_b5924f64` ON `Acc_rzxx` (`yymc_id`); (params [])
2017-06-24 21:45:28,473 [MainThread:4760] [django.db.backends.schema:101] [schema:execute] [DEBUG]- ALTER TABLE `Acc_rzxx` ADD CONSTRAINT `Acc_rzxx_yymc_id_1c346f80_fk_Acc_yyxx_id` FOREIGN KEY (`yymc_id`) REFERENCES `Acc_yyxx` (`id`); (params [])
2017-06-24 21:45:28,795 [MainThread:4760] [django.db.backends.schema:101] [schema:execute] [DEBUG]- CREATE TABLE `django_admin_log` (`id` integer AUTO_INCREMENT NOT NULL PRIMARY KEY, `action_time` datetime(6) NOT NULL, `object_id` longtext NULL, `object_repr` varchar(200) NOT NULL, `action_flag` smallint UNSIGNED NOT NULL, `change_message` longtext NOT NULL, `content_type_id` integer NULL, `user_id` integer NOT NULL); (params None)
2017-06-24 21:45:28,874 [MainThread:4760] [django.db.backends.schema:101] [schema:execute] [DEBUG]- ALTER TABLE `django_admin_log` ADD CONSTRAINT `django_admin__content_type_id_c4bce8eb_fk_django_content_type_id` FOREIGN KEY (`content_type_id`) REFERENCES `django_content_type` (`id`); (params [])
2017-06-24 21:45:29,013 [MainThread:4760] [django.db.backends.schema:101] [schema:execute] [DEBUG]- ALTER TABLE `django_admin_log` ADD CONSTRAINT `django_admin_log_user_id_c564eba6_fk_Acc_user_id` FOREIGN KEY (`user_id`) REFERENCES `Acc_user` (`id`); (params [])
2017-06-24 21:45:29,223 [MainThread:4760] [django.db.backends.schema:101] [schema:execute] [DEBUG]- ALTER TABLE `django_admin_log` ALTER COLUMN `action_time` SET DEFAULT %s; (params [u'2017-06-24 13:45:29.223000'])
2017-06-24 21:45:29,240 [MainThread:4760] [django.db.backends.schema:101] [schema:execute] [DEBUG]- ALTER TABLE `django_admin_log` ALTER COLUMN `action_time` DROP DEFAULT; (params [])
2017-06-24 21:45:29,280 [MainThread:4760] [django.db.backends.schema:101] [schema:execute] [DEBUG]- CREATE TABLE `django_session` (`session_key` varchar(40) NOT NULL PRIMARY KEY, `session_data` longtext NOT NULL, `expire_date` datetime(6) NOT NULL); (params None)
2017-06-24 21:45:29,338 [MainThread:4760] [django.db.backends.schema:101] [schema:execute] [DEBUG]- CREATE INDEX `django_session_de54fa62` ON `django_session` (`expire_date`); (params [])
2017-06-24 21:46:02,897 [Dummy-1:9652] [django.db.backends:89] [utils:execute] [DEBUG]- (0.000) SET SQL_AUTO_IS_NULL = 0; args=None
2017-06-24 21:46:03,035 [Dummy-1:9652] [django.db.backends:89] [utils:execute] [DEBUG]- (0.002) SET SQL_AUTO_IS_NULL = 0; args=None
2017-06-24 21:46:03,048 [Dummy-1:9652] [django.db.backends:89] [utils:execute] [DEBUG]- (0.009) SHOW FULL TABLES; args=None
2017-06-24 21:46:03,063 [Dummy-1:9652] [django.db.backends:89] [utils:execute] [DEBUG]- (0.006) SELECT `django_migrations`.`app`, `django_migrations`.`name` FROM `django_migrations`; args=()
